
===========================================================================
 report_power
============================================================================
======================= Fastest Corner ===================================

Group                  Internal  Switching    Leakage      Total
                          Power      Power      Power      Power (Watts)
----------------------------------------------------------------
Sequential             8.37e-05   8.54e-05   1.55e-09   1.69e-04  74.2%
Combinational          1.77e-05   4.08e-05   2.36e-07   5.88e-05  25.8%
Macro                  0.00e+00   0.00e+00   0.00e+00   0.00e+00   0.0%
Pad                    0.00e+00   0.00e+00   0.00e+00   0.00e+00   0.0%
----------------------------------------------------------------
Total                  1.01e-04   1.26e-04   2.37e-07   2.28e-04 100.0%
                          44.5%      55.4%       0.1%

======================= Slowest Corner ===================================

Group                  Internal  Switching    Leakage      Total
                          Power      Power      Power      Power (Watts)
----------------------------------------------------------------
Sequential             5.95e-05   5.59e-05   1.54e-06   1.17e-04  72.6%
Combinational          1.31e-05   2.69e-05   4.22e-06   4.42e-05  27.4%
Macro                  0.00e+00   0.00e+00   0.00e+00   0.00e+00   0.0%
Pad                    0.00e+00   0.00e+00   0.00e+00   0.00e+00   0.0%
----------------------------------------------------------------
Total                  7.26e-05   8.28e-05   5.76e-06   1.61e-04 100.0%
                          45.0%      51.4%       3.6%

======================= Typical Corner ===================================

Group                  Internal  Switching    Leakage      Total
                          Power      Power      Power      Power (Watts)
----------------------------------------------------------------
Sequential             7.36e-05   7.17e-05   8.86e-10   1.45e-04  74.2%
Combinational          1.59e-05   3.45e-05   2.33e-07   5.06e-05  25.8%
Macro                  0.00e+00   0.00e+00   0.00e+00   0.00e+00   0.0%
Pad                    0.00e+00   0.00e+00   0.00e+00   0.00e+00   0.0%
----------------------------------------------------------------
Total                  8.95e-05   1.06e-04   2.34e-07   1.96e-04 100.0%
                          45.7%      54.2%       0.1%

