16:26:28 INFO  : Launching XSCT server: xsct -n  -interactive /media/nisitha/My_Passport/image_processing/vws_20/temp_xsdb_launch_script.tcl
16:26:31 INFO  : Registering command handlers for Vitis TCF services
16:27:01 INFO  : XSCT server has started successfully.
16:27:07 INFO  : Platform repository initialization has completed.
16:27:11 INFO  : plnx-install-location is set to ''
16:27:11 INFO  : Successfully done setting XSCT server connection channel  
16:27:11 INFO  : Successfully done query RDI_DATADIR 
16:27:11 INFO  : Successfully done setting workspace for the tool. 
16:28:17 INFO  : Result from executing command 'getProjects': plt_img_proc
16:28:17 INFO  : Result from executing command 'getPlatforms': 
16:30:43 INFO  : Result from executing command 'getProjects': plt_img_proc
16:30:43 INFO  : Result from executing command 'getPlatforms': plt_img_proc|/media/nisitha/My_Passport/image_processing/vws_20/plt_img_proc/export/plt_img_proc/plt_img_proc.xpfm
16:34:20 INFO  : Checking for BSP changes to sync application flags for project 'app_img_proc'...
16:47:19 INFO  : Launching XSCT server: xsct -n  -interactive /media/nisitha/My_Passport/image_processing/vws_20/temp_xsdb_launch_script.tcl
16:47:24 INFO  : XSCT server has started successfully.
16:47:24 INFO  : plnx-install-location is set to ''
16:47:24 INFO  : Successfully done setting XSCT server connection channel  
16:47:24 INFO  : Successfully done setting workspace for the tool. 
16:47:29 INFO  : Platform repository initialization has completed.
16:47:31 INFO  : Registering command handlers for Vitis TCF services
16:47:34 INFO  : Successfully done query RDI_DATADIR 
16:51:05 INFO  : Launching XSCT server: xsct -n  -interactive /media/nisitha/My_Passport/image_processing/vws_20/temp_xsdb_launch_script.tcl
16:51:10 INFO  : XSCT server has started successfully.
16:51:10 INFO  : plnx-install-location is set to ''
16:51:10 INFO  : Successfully done setting XSCT server connection channel  
16:51:10 INFO  : Successfully done setting workspace for the tool. 
16:51:12 INFO  : Platform repository initialization has completed.
16:51:14 INFO  : Registering command handlers for Vitis TCF services
16:51:14 INFO  : Successfully done query RDI_DATADIR 
16:54:24 INFO  : Launching XSCT server: xsct -n  -interactive /media/nisitha/My_Passport/image_processing/vws_20/temp_xsdb_launch_script.tcl
16:54:29 INFO  : XSCT server has started successfully.
16:54:29 INFO  : Successfully done setting XSCT server connection channel  
16:54:29 INFO  : plnx-install-location is set to ''
16:54:29 INFO  : Successfully done setting workspace for the tool. 
16:54:29 INFO  : Platform repository initialization has completed.
16:54:31 INFO  : Successfully done query RDI_DATADIR 
16:54:32 INFO  : Registering command handlers for Vitis TCF services
16:56:40 INFO  : Result from executing command 'getProjects': plt_img_proc
16:56:40 INFO  : Result from executing command 'getPlatforms': plt_img_proc|/media/nisitha/My_Passport/image_processing/vws_20/plt_img_proc/export/plt_img_proc/plt_img_proc.xpfm
16:56:44 INFO  : Checking for BSP changes to sync application flags for project 'app_img_proc'...
16:58:22 INFO  : Checking for BSP changes to sync application flags for project 'app_img_proc'...
16:59:25 INFO  : Checking for BSP changes to sync application flags for project 'app_img_proc'...
