OpenROAD 41a51eaf4ca2171c92ff38afb91eb37bbd3f36da 
This program is licensed under the BSD-3 license. See the LICENSE file for details.
Components of this program may be licensed under more restrictive licenses which must be honored.
[INFO]: Reading ODB at '/openlane/designs/image_proc/runs/first_run/tmp/floorplan/5-tapcell.odb'…
define_corners Typical
read_liberty -corner Typical /root/.ciel/sky130A/libs.ref/sky130_fd_sc_hd/lib/sky130_fd_sc_hd__tt_025C_1v80.lib
Using 1e-12 for capacitance...
Using 1e+03 for resistance...
Using 1e-09 for time...
Using 1e+00 for voltage...
Using 1e-03 for current...
Using 1e-09 for power...
Using 1e-06 for distance...
Reading design constraints file at '/openlane/designs/image_proc/runs/first_run/tmp/floorplan/3-initial_fp.sdc'…
[INFO PDN-0001] Inserting grid: stdcell_grid
[WARNING PSM-0016] Voltage pad location (VSRC) file not specified, defaulting pad location to checkerboard pattern on core area.
[WARNING PSM-0017] X direction bump pitch is not specified, defaulting to 140um.
[WARNING PSM-0018] Y direction bump pitch is not specified, defaulting to 140um.
[WARNING PSM-0019] Voltage on net VPWR is not explicitly set.
[WARNING PSM-0022] Using voltage 1.800V for VDD network.
[WARNING PSM-0065] VSRC location not specified, using default checkerboard pattern with one VDD every size bumps in x-direction and one in two bumps in the y-direction
[INFO PSM-0076] Setting metal node density to be standard cell height times 5.
[WARNING PSM-0030] VSRC location at (118.710um, 122.960um) and size 10.000um, is not located on an existing power stripe node. Moving to closest node at (175.440um, 180.710um).
[WARNING PSM-0030] VSRC location at (958.710um, 122.960um) and size 10.000um, is not located on an existing power stripe node. Moving to closest node at (943.440um, 180.710um).
[WARNING PSM-0030] VSRC location at (1798.710um, 122.960um) and size 10.000um, is not located on an existing power stripe node. Moving to closest node at (1865.040um, 180.710um).
[WARNING PSM-0030] VSRC location at (398.710um, 262.960um) and size 10.000um, is not located on an existing power stripe node. Moving to closest node at (329.040um, 333.890um).
[WARNING PSM-0030] VSRC location at (1238.710um, 262.960um) and size 10.000um, is not located on an existing power stripe node. Moving to closest node at (1250.640um, 333.890um).
[WARNING PSM-0030] VSRC location at (2078.710um, 262.960um) and size 10.000um, is not located on an existing power stripe node. Moving to closest node at (2018.640um, 333.890um).
[WARNING PSM-0030] VSRC location at (678.710um, 402.960um) and size 10.000um, is not located on an existing power stripe node. Moving to closest node at (636.240um, 333.890um).
[WARNING PSM-0030] VSRC location at (1518.710um, 402.960um) and size 10.000um, is not located on an existing power stripe node. Moving to closest node at (1557.840um, 333.890um).
[WARNING PSM-0030] VSRC location at (118.710um, 542.960um) and size 10.000um, is not located on an existing power stripe node. Moving to closest node at (175.440um, 487.070um).
[WARNING PSM-0030] VSRC location at (958.710um, 542.960um) and size 10.000um, is not located on an existing power stripe node. Moving to closest node at (943.440um, 487.070um).
[WARNING PSM-0030] VSRC location at (1798.710um, 542.960um) and size 10.000um, is not located on an existing power stripe node. Moving to closest node at (1865.040um, 487.070um).
[WARNING PSM-0030] VSRC location at (398.710um, 682.960um) and size 10.000um, is not located on an existing power stripe node. Moving to closest node at (329.040um, 640.250um).
[WARNING PSM-0030] VSRC location at (1238.710um, 682.960um) and size 10.000um, is not located on an existing power stripe node. Moving to closest node at (1250.640um, 640.250um).
[WARNING PSM-0030] VSRC location at (2078.710um, 682.960um) and size 10.000um, is not located on an existing power stripe node. Moving to closest node at (2018.640um, 640.250um).
[WARNING PSM-0030] VSRC location at (678.710um, 822.960um) and size 10.000um, is not located on an existing power stripe node. Moving to closest node at (636.240um, 793.430um).
[WARNING PSM-0030] VSRC location at (1518.710um, 822.960um) and size 10.000um, is not located on an existing power stripe node. Moving to closest node at (1557.840um, 793.430um).
[WARNING PSM-0030] VSRC location at (118.710um, 962.960um) and size 10.000um, is not located on an existing power stripe node. Moving to closest node at (175.440um, 946.610um).
[WARNING PSM-0030] VSRC location at (958.710um, 962.960um) and size 10.000um, is not located on an existing power stripe node. Moving to closest node at (943.440um, 946.610um).
[WARNING PSM-0030] VSRC location at (1798.710um, 962.960um) and size 10.000um, is not located on an existing power stripe node. Moving to closest node at (1865.040um, 946.610um).
[WARNING PSM-0030] VSRC location at (398.710um, 1102.960um) and size 10.000um, is not located on an existing power stripe node. Moving to closest node at (329.040um, 1099.790um).
[WARNING PSM-0030] VSRC location at (1238.710um, 1102.960um) and size 10.000um, is not located on an existing power stripe node. Moving to closest node at (1250.640um, 1099.790um).
[WARNING PSM-0030] VSRC location at (2078.710um, 1102.960um) and size 10.000um, is not located on an existing power stripe node. Moving to closest node at (2018.640um, 1099.790um).
[WARNING PSM-0030] VSRC location at (678.710um, 1242.960um) and size 10.000um, is not located on an existing power stripe node. Moving to closest node at (636.240um, 1252.970um).
[WARNING PSM-0030] VSRC location at (1518.710um, 1242.960um) and size 10.000um, is not located on an existing power stripe node. Moving to closest node at (1557.840um, 1252.970um).
[WARNING PSM-0030] VSRC location at (118.710um, 1382.960um) and size 10.000um, is not located on an existing power stripe node. Moving to closest node at (175.440um, 1406.150um).
[WARNING PSM-0030] VSRC location at (958.710um, 1382.960um) and size 10.000um, is not located on an existing power stripe node. Moving to closest node at (943.440um, 1406.150um).
[WARNING PSM-0030] VSRC location at (1798.710um, 1382.960um) and size 10.000um, is not located on an existing power stripe node. Moving to closest node at (1865.040um, 1406.150um).
[WARNING PSM-0030] VSRC location at (398.710um, 1522.960um) and size 10.000um, is not located on an existing power stripe node. Moving to closest node at (329.040um, 1559.330um).
[WARNING PSM-0030] VSRC location at (1238.710um, 1522.960um) and size 10.000um, is not located on an existing power stripe node. Moving to closest node at (1250.640um, 1559.330um).
[WARNING PSM-0030] VSRC location at (2078.710um, 1522.960um) and size 10.000um, is not located on an existing power stripe node. Moving to closest node at (2018.640um, 1559.330um).
[WARNING PSM-0030] VSRC location at (678.710um, 1662.960um) and size 10.000um, is not located on an existing power stripe node. Moving to closest node at (636.240um, 1712.510um).
[WARNING PSM-0030] VSRC location at (1518.710um, 1662.960um) and size 10.000um, is not located on an existing power stripe node. Moving to closest node at (1557.840um, 1712.510um).
[WARNING PSM-0030] VSRC location at (118.710um, 1802.960um) and size 10.000um, is not located on an existing power stripe node. Moving to closest node at (175.440um, 1865.690um).
[WARNING PSM-0030] VSRC location at (958.710um, 1802.960um) and size 10.000um, is not located on an existing power stripe node. Moving to closest node at (943.440um, 1865.690um).
[WARNING PSM-0030] VSRC location at (1798.710um, 1802.960um) and size 10.000um, is not located on an existing power stripe node. Moving to closest node at (1865.040um, 1865.690um).
[WARNING PSM-0030] VSRC location at (398.710um, 1942.960um) and size 10.000um, is not located on an existing power stripe node. Moving to closest node at (329.040um, 2018.870um).
[WARNING PSM-0030] VSRC location at (1238.710um, 1942.960um) and size 10.000um, is not located on an existing power stripe node. Moving to closest node at (1250.640um, 2018.870um).
[WARNING PSM-0030] VSRC location at (2078.710um, 1942.960um) and size 10.000um, is not located on an existing power stripe node. Moving to closest node at (2018.640um, 2018.870um).
[WARNING PSM-0030] VSRC location at (678.710um, 2082.960um) and size 10.000um, is not located on an existing power stripe node. Moving to closest node at (636.240um, 2018.870um).
[WARNING PSM-0030] VSRC location at (1518.710um, 2082.960um) and size 10.000um, is not located on an existing power stripe node. Moving to closest node at (1557.840um, 2018.870um).
[INFO PSM-0031] Number of PDN nodes on net VPWR = 112266.
[INFO PSM-0064] Number of voltage sources = 40.
[INFO PSM-0040] All PDN stripes on net VPWR are connected.
[WARNING PSM-0016] Voltage pad location (VSRC) file not specified, defaulting pad location to checkerboard pattern on core area.
[WARNING PSM-0017] X direction bump pitch is not specified, defaulting to 140um.
[WARNING PSM-0018] Y direction bump pitch is not specified, defaulting to 140um.
[WARNING PSM-0019] Voltage on net VGND is not explicitly set.
[WARNING PSM-0021] Using voltage 0.000V for ground network.
[WARNING PSM-0065] VSRC location not specified, using default checkerboard pattern with one VDD every size bumps in x-direction and one in two bumps in the y-direction
[INFO PSM-0076] Setting metal node density to be standard cell height times 5.
[WARNING PSM-0030] VSRC location at (118.710um, 122.960um) and size 10.000um, is not located on an existing power stripe node. Moving to closest node at (178.740um, 184.010um).
[WARNING PSM-0030] VSRC location at (958.710um, 122.960um) and size 10.000um, is not located on an existing power stripe node. Moving to closest node at (946.740um, 184.010um).
[WARNING PSM-0030] VSRC location at (1798.710um, 122.960um) and size 10.000um, is not located on an existing power stripe node. Moving to closest node at (1868.340um, 184.010um).
[WARNING PSM-0030] VSRC location at (398.710um, 262.960um) and size 10.000um, is not located on an existing power stripe node. Moving to closest node at (332.340um, 337.190um).
[WARNING PSM-0030] VSRC location at (1238.710um, 262.960um) and size 10.000um, is not located on an existing power stripe node. Moving to closest node at (1253.940um, 337.190um).
[WARNING PSM-0030] VSRC location at (2078.710um, 262.960um) and size 10.000um, is not located on an existing power stripe node. Moving to closest node at (2021.940um, 337.190um).
[WARNING PSM-0030] VSRC location at (678.710um, 402.960um) and size 10.000um, is not located on an existing power stripe node. Moving to closest node at (639.540um, 337.190um).
[WARNING PSM-0030] VSRC location at (1518.710um, 402.960um) and size 10.000um, is not located on an existing power stripe node. Moving to closest node at (1561.140um, 337.190um).
[WARNING PSM-0030] VSRC location at (118.710um, 542.960um) and size 10.000um, is not located on an existing power stripe node. Moving to closest node at (178.740um, 490.370um).
[WARNING PSM-0030] VSRC location at (958.710um, 542.960um) and size 10.000um, is not located on an existing power stripe node. Moving to closest node at (946.740um, 490.370um).
[WARNING PSM-0030] VSRC location at (1798.710um, 542.960um) and size 10.000um, is not located on an existing power stripe node. Moving to closest node at (1868.340um, 490.370um).
[WARNING PSM-0030] VSRC location at (398.710um, 682.960um) and size 10.000um, is not located on an existing power stripe node. Moving to closest node at (332.340um, 643.550um).
[WARNING PSM-0030] VSRC location at (1238.710um, 682.960um) and size 10.000um, is not located on an existing power stripe node. Moving to closest node at (1253.940um, 643.550um).
[WARNING PSM-0030] VSRC location at (2078.710um, 682.960um) and size 10.000um, is not located on an existing power stripe node. Moving to closest node at (2021.940um, 643.550um).
[WARNING PSM-0030] VSRC location at (678.710um, 822.960um) and size 10.000um, is not located on an existing power stripe node. Moving to closest node at (639.540um, 796.730um).
[WARNING PSM-0030] VSRC location at (1518.710um, 822.960um) and size 10.000um, is not located on an existing power stripe node. Moving to closest node at (1561.140um, 796.730um).
[WARNING PSM-0030] VSRC location at (118.710um, 962.960um) and size 10.000um, is not located on an existing power stripe node. Moving to closest node at (178.740um, 949.910um).
[WARNING PSM-0030] VSRC location at (958.710um, 962.960um) and size 10.000um, is not located on an existing power stripe node. Moving to closest node at (946.740um, 949.910um).
[WARNING PSM-0030] VSRC location at (1798.710um, 962.960um) and size 10.000um, is not located on an existing power stripe node. Moving to closest node at (1868.340um, 949.910um).
[WARNING PSM-0030] VSRC location at (398.710um, 1102.960um) and size 10.000um, is not located on an existing power stripe node. Moving to closest node at (332.340um, 1103.090um).
[WARNING PSM-0030] VSRC location at (1238.710um, 1102.960um) and size 10.000um, is not located on an existing power stripe node. Moving to closest node at (1253.940um, 1103.090um).
[WARNING PSM-0030] VSRC location at (2078.710um, 1102.960um) and size 10.000um, is not located on an existing power stripe node. Moving to closest node at (2021.940um, 1103.090um).
[WARNING PSM-0030] VSRC location at (678.710um, 1242.960um) and size 10.000um, is not located on an existing power stripe node. Moving to closest node at (639.540um, 1256.270um).
[WARNING PSM-0030] VSRC location at (1518.710um, 1242.960um) and size 10.000um, is not located on an existing power stripe node. Moving to closest node at (1561.140um, 1256.270um).
[WARNING PSM-0030] VSRC location at (118.710um, 1382.960um) and size 10.000um, is not located on an existing power stripe node. Moving to closest node at (178.740um, 1409.450um).
[WARNING PSM-0030] VSRC location at (958.710um, 1382.960um) and size 10.000um, is not located on an existing power stripe node. Moving to closest node at (946.740um, 1409.450um).
[WARNING PSM-0030] VSRC location at (1798.710um, 1382.960um) and size 10.000um, is not located on an existing power stripe node. Moving to closest node at (1868.340um, 1409.450um).
[WARNING PSM-0030] VSRC location at (398.710um, 1522.960um) and size 10.000um, is not located on an existing power stripe node. Moving to closest node at (332.340um, 1562.630um).
[WARNING PSM-0030] VSRC location at (1238.710um, 1522.960um) and size 10.000um, is not located on an existing power stripe node. Moving to closest node at (1253.940um, 1562.630um).
[WARNING PSM-0030] VSRC location at (2078.710um, 1522.960um) and size 10.000um, is not located on an existing power stripe node. Moving to closest node at (2021.940um, 1562.630um).
[WARNING PSM-0030] VSRC location at (678.710um, 1662.960um) and size 10.000um, is not located on an existing power stripe node. Moving to closest node at (639.540um, 1715.810um).
[WARNING PSM-0030] VSRC location at (1518.710um, 1662.960um) and size 10.000um, is not located on an existing power stripe node. Moving to closest node at (1561.140um, 1715.810um).
[WARNING PSM-0030] VSRC location at (118.710um, 1802.960um) and size 10.000um, is not located on an existing power stripe node. Moving to closest node at (178.740um, 1868.990um).
[WARNING PSM-0030] VSRC location at (958.710um, 1802.960um) and size 10.000um, is not located on an existing power stripe node. Moving to closest node at (946.740um, 1868.990um).
[WARNING PSM-0030] VSRC location at (1798.710um, 1802.960um) and size 10.000um, is not located on an existing power stripe node. Moving to closest node at (1868.340um, 1868.990um).
[WARNING PSM-0030] VSRC location at (398.710um, 1942.960um) and size 10.000um, is not located on an existing power stripe node. Moving to closest node at (332.340um, 1868.990um).
[WARNING PSM-0030] VSRC location at (1238.710um, 1942.960um) and size 10.000um, is not located on an existing power stripe node. Moving to closest node at (1253.940um, 1868.990um).
[WARNING PSM-0030] VSRC location at (2078.710um, 1942.960um) and size 10.000um, is not located on an existing power stripe node. Moving to closest node at (2021.940um, 1868.990um).
[WARNING PSM-0030] VSRC location at (678.710um, 2082.960um) and size 10.000um, is not located on an existing power stripe node. Moving to closest node at (639.540um, 2022.170um).
[WARNING PSM-0030] VSRC location at (1518.710um, 2082.960um) and size 10.000um, is not located on an existing power stripe node. Moving to closest node at (1561.140um, 2022.170um).
[INFO PSM-0031] Number of PDN nodes on net VGND = 112266.
[INFO PSM-0064] Number of voltage sources = 40.
[INFO PSM-0040] All PDN stripes on net VGND are connected.
Setting global connections for newly added cells…
Writing OpenROAD database to '/openlane/designs/image_proc/runs/first_run/results/floorplan/fpga_sobel_top.odb'…
Writing layout to '/openlane/designs/image_proc/runs/first_run/results/floorplan/fpga_sobel_top.def'…
