Sat Sep 06 23:13:28 UTC 2025 - Executing "openroad -exit -no_init -python /openlane/scripts/odbpy/lefutil.py get_metal_layers -o /openlane/designs/image_proc/runs/first_run/tmp/layers.list /root/.ciel/sky130A/libs.ref/sky130_fd_sc_hd/techlef/sky130_fd_sc_hd__nom.tlef"

Sat Sep 06 23:13:33 UTC 2025 - Executing "/openlane/scripts/mergeLef.py -o /openlane/designs/image_proc/runs/first_run/tmp/merged.nom.lef -i /root/.ciel/sky130A/libs.ref/sky130_fd_sc_hd/techlef/sky130_fd_sc_hd__nom.tlef {/root/.ciel/sky130A/libs.ref/sky130_fd_sc_hd/lef/sky130_ef_sc_hd.lef /root/.ciel/sky130A/libs.ref/sky130_fd_sc_hd/lef/sky130_fd_sc_hd.lef} |& tee /dev/null"

Sat Sep 06 23:13:33 UTC 2025 - Executing "/openlane/scripts/mergeLef.py -o /openlane/designs/image_proc/runs/first_run/tmp/merged.min.lef -i /root/.ciel/sky130A/libs.ref/sky130_fd_sc_hd/techlef/sky130_fd_sc_hd__min.tlef {/root/.ciel/sky130A/libs.ref/sky130_fd_sc_hd/lef/sky130_ef_sc_hd.lef /root/.ciel/sky130A/libs.ref/sky130_fd_sc_hd/lef/sky130_fd_sc_hd.lef} |& tee /dev/null"

Sat Sep 06 23:13:33 UTC 2025 - Executing "/openlane/scripts/mergeLef.py -o /openlane/designs/image_proc/runs/first_run/tmp/merged.max.lef -i /root/.ciel/sky130A/libs.ref/sky130_fd_sc_hd/techlef/sky130_fd_sc_hd__max.tlef {/root/.ciel/sky130A/libs.ref/sky130_fd_sc_hd/lef/sky130_ef_sc_hd.lef /root/.ciel/sky130A/libs.ref/sky130_fd_sc_hd/lef/sky130_fd_sc_hd.lef} |& tee /dev/null"

Sat Sep 06 23:13:34 UTC 2025 - Executing "python3 /openlane/scripts/mergeLib.py --output /openlane/designs/image_proc/runs/first_run/tmp/synthesis/merged.lib --name sky130A_merged /root/.ciel/sky130A/libs.ref/sky130_fd_sc_hd/lib/sky130_fd_sc_hd__tt_025C_1v80.lib"

Sat Sep 06 23:13:34 UTC 2025 - Executing "python3 /openlane/scripts/libtrim.py --cell-file /openlane/designs/image_proc/runs/first_run/tmp/synthesis/trimmed.lib.exclude.list --output /openlane/designs/image_proc/runs/first_run/tmp/synthesis/trimmed.lib /openlane/designs/image_proc/runs/first_run/tmp/synthesis/merged.lib"

Sat Sep 06 23:13:34 UTC 2025 - Executing "python3 /openlane/scripts/libtrim.py --cell-file /openlane/designs/image_proc/runs/first_run/tmp/cts/cts.lib.exclude.list --output /openlane/designs/image_proc/runs/first_run/tmp/cts/cts.lib /root/.ciel/sky130A/libs.ref/sky130_fd_sc_hd/lib/sky130_fd_sc_hd__tt_025C_1v80.lib"

Sat Sep 06 23:13:35 UTC 2025 - Executing "python3 /openlane/scripts/libtrim.py --cell-file /openlane/designs/image_proc/runs/first_run/tmp/cts/cts-fastest.lib.exclude.list --output /openlane/designs/image_proc/runs/first_run/tmp/cts/cts-fastest.lib /root/.ciel/sky130A/libs.ref/sky130_fd_sc_hd/lib/sky130_fd_sc_hd__ff_n40C_1v95.lib"

Sat Sep 06 23:13:36 UTC 2025 - Executing "python3 /openlane/scripts/libtrim.py --cell-file /openlane/designs/image_proc/runs/first_run/tmp/cts/cts-slowest.lib.exclude.list --output /openlane/designs/image_proc/runs/first_run/tmp/cts/cts-slowest.lib /root/.ciel/sky130A/libs.ref/sky130_fd_sc_hd/lib/sky130_fd_sc_hd__ss_100C_1v60.lib"

Sat Sep 06 23:13:37 UTC 2025 - Executing "python3 /openlane/scripts/new_tracks.py -i /root/.ciel/sky130A/libs.tech/openlane/sky130_fd_sc_hd/tracks.info -o /openlane/designs/image_proc/runs/first_run/tmp/routing/config.tracks"

Sat Sep 06 23:13:37 UTC 2025 - Executing "echo {OpenLane 413d301090a476f8d34cf24dc2447da17dfab187} > /openlane/designs/image_proc/runs/first_run/OPENLANE_COMMIT"

Sat Sep 06 23:13:37 UTC 2025 - Executing "bash -c {verilator  --lint-only  -Wall  --Wno-DECLFILENAME  --top-module fpga_sobel_top  /openlane/designs/image_proc/src/cam_data_proc.v /openlane/designs/image_proc/src/fifo_double_line_buffer.v /openlane/designs/image_proc/src/cam_data_capt.v /openlane/designs/image_proc/src/grayscale_to_rgb.v /openlane/designs/image_proc/src/sobel_mod.v /openlane/designs/image_proc/src/fifo_single_line_buffer.v /openlane/designs/image_proc/src/reg_init.v /openlane/designs/image_proc/src/vga_display.v /openlane/designs/image_proc/src/fpga_sobel_top.v /openlane/designs/image_proc/src/sobel_kernel.v /openlane/designs/image_proc/src/rgb_to_grascale.v /openlane/designs/image_proc/src/camera_init.v /openlane/designs/image_proc/src/cam_mod.v /openlane/designs/image_proc/src/vga_control.v /openlane/designs/image_proc/src/sobel_calc.v /openlane/designs/image_proc/src/sobel_data_buffer.v /openlane/designs/image_proc/src/sobel_data_modulate.v /openlane/designs/image_proc/src/sccb_sender.v -Wno-fatal --relative-includes |& tee /openlane/designs/image_proc/runs/first_run/logs/synthesis/linter.log /dev/null}"

Sat Sep 06 23:13:38 UTC 2025 - Executing "sed -E {s/^([[:space:]]+)pg_pin(.*)/\1pin\2\n\1    direction : "inout";/g} /root/.ciel/sky130A/libs.ref/sky130_fd_sc_hd/lib/sky130_fd_sc_hd__tt_025C_1v80.lib > /openlane/designs/image_proc/runs/first_run/tmp/synthesis/1-sky130_fd_sc_hd__tt_025C_1v80.no_pg.lib"

Sat Sep 06 23:13:38 UTC 2025 - Executing "sed -E {s/^([[:space:]]+)pg_pin(.*)/\1pin\2\n\1    direction : "inout";/g} /openlane/designs/image_proc/runs/first_run/tmp/synthesis/trimmed.lib > /openlane/designs/image_proc/runs/first_run/tmp/synthesis/1-trimmed.no_pg.lib"

Sat Sep 06 23:13:39 UTC 2025 - Executing "yosys -c /openlane/scripts/yosys/synth.tcl |& tee /dev/null /openlane/designs/image_proc/runs/first_run/logs/synthesis/1-synthesis.log"

Sat Sep 06 23:13:53 UTC 2025 - Executing "sed -i.bak -e {s/\(set ::env(CURRENT_NETLIST)\).*/\1 \/openlane\/designs\/image_proc\/runs\/first_run\/results\/synthesis\/fpga_sobel_top.v/} /openlane/designs/image_proc/runs/first_run/config.tcl"

Sat Sep 06 23:13:53 UTC 2025 - Executing "sed -i.bak /defparam/d /openlane/designs/image_proc/runs/first_run/results/synthesis/fpga_sobel_top.v"

Sat Sep 06 23:13:53 UTC 2025 - Executing "sta -exit -no_init /openlane/scripts/openroad/sta/multi_corner.tcl |& tee /dev/null /openlane/designs/image_proc/runs/first_run/logs/synthesis/2-sta.log"

Sat Sep 06 23:13:55 UTC 2025 - Executing "openroad -exit /openlane/scripts/openroad/floorplan.tcl |& tee /dev/null /openlane/designs/image_proc/runs/first_run/logs/floorplan/3-initial_fp.log"

Sat Sep 06 23:13:56 UTC 2025 - Executing "openroad -exit -no_init -python /openlane/scripts/odbpy/defutil.py extract_core_dims --output-data /openlane/designs/image_proc/runs/first_run/tmp/dimensions.txt --input-lef /openlane/designs/image_proc/runs/first_run/tmp/merged.nom.lef /openlane/designs/image_proc/runs/first_run/tmp/floorplan/3-initial_fp.def"

Sat Sep 06 23:13:57 UTC 2025 - Executing "openroad -exit /openlane/scripts/openroad/ioplacer.tcl |& tee /dev/null /openlane/designs/image_proc/runs/first_run/logs/floorplan/4-io.log"

Sat Sep 06 23:13:58 UTC 2025 - Executing "openroad -exit /openlane/scripts/openroad/tapcell.tcl |& tee /dev/null /openlane/designs/image_proc/runs/first_run/logs/floorplan/5-tap.log"

Sat Sep 06 23:13:59 UTC 2025 - Executing "openroad -exit /openlane/scripts/openroad/pdn.tcl |& tee /dev/null /openlane/designs/image_proc/runs/first_run/logs/floorplan/6-pdn.log"

Sat Sep 06 23:14:20 UTC 2025 - Executing "openroad -exit /openlane/scripts/openroad/gpl.tcl |& tee /dev/null /openlane/designs/image_proc/runs/first_run/logs/placement/7-global.log"

Sat Sep 06 23:14:29 UTC 2025 - Executing "sed -i.bak -e {s/\(set ::env(CURRENT_NETLIST)\).*/\1 \/openlane\/designs\/image_proc\/runs\/first_run\/tmp\/placement\/7-global.nl.v/} /openlane/designs/image_proc/runs/first_run/config.tcl"

Sat Sep 06 23:14:29 UTC 2025 - Executing "openroad -exit /openlane/scripts/openroad/sta/multi_corner.tcl |& tee /dev/null /openlane/designs/image_proc/runs/first_run/logs/placement/8-gpl_sta.log"

Sat Sep 06 23:14:31 UTC 2025 - Executing "openroad -exit /openlane/scripts/openroad/resizer.tcl |& tee /dev/null /openlane/designs/image_proc/runs/first_run/logs/placement/9-resizer.log"

Sat Sep 06 23:14:36 UTC 2025 - Executing "sed -i.bak -e {s/\(set ::env(CURRENT_NETLIST)\).*/\1 \/openlane\/designs\/image_proc\/runs\/first_run\/tmp\/placement\/9-resizer.nl.v/} /openlane/designs/image_proc/runs/first_run/config.tcl"

Sat Sep 06 23:14:36 UTC 2025 - Executing "openroad -exit /openlane/scripts/openroad/dpl.tcl |& tee /dev/null /openlane/designs/image_proc/runs/first_run/logs/placement/10-detailed.log"

Sat Sep 06 23:14:40 UTC 2025 - Executing "sed -i.bak -e {s/\(set ::env(CURRENT_NETLIST)\).*/\1 \/openlane\/designs\/image_proc\/runs\/first_run\/results\/placement\/fpga_sobel_top.nl.v/} /openlane/designs/image_proc/runs/first_run/config.tcl"

Sat Sep 06 23:14:40 UTC 2025 - Executing "openroad -exit /openlane/scripts/openroad/sta/multi_corner.tcl |& tee /dev/null /openlane/designs/image_proc/runs/first_run/logs/placement/11-dpl_sta.log"

Sat Sep 06 23:14:43 UTC 2025 - Executing "openroad -exit /openlane/scripts/openroad/cts.tcl |& tee /dev/null /openlane/designs/image_proc/runs/first_run/logs/cts/12-cts.log"

Sat Sep 06 23:16:02 UTC 2025 - Executing "openroad -exit /openlane/scripts/openroad/sta/multi_corner.tcl |& tee /dev/null /openlane/designs/image_proc/runs/first_run/logs/cts/13-cts_sta.log"

Sat Sep 06 23:16:05 UTC 2025 - Executing "openroad -exit /openlane/scripts/openroad/resizer_timing.tcl |& tee /dev/null /openlane/designs/image_proc/runs/first_run/logs/cts/14-resizer.log"

Sat Sep 06 23:16:12 UTC 2025 - Executing "sed -i.bak -e {s/\(set ::env(CURRENT_NETLIST)\).*/\1 \/openlane\/designs\/image_proc\/runs\/first_run\/tmp\/cts\/14-fpga_sobel_top.resized.nl.v/} /openlane/designs/image_proc/runs/first_run/config.tcl"

Sat Sep 06 23:16:12 UTC 2025 - Executing "openroad -exit /openlane/scripts/openroad/resizer_routing_design.tcl |& tee /dev/null /openlane/designs/image_proc/runs/first_run/logs/routing/15-resizer_design.log"

Sat Sep 06 23:16:22 UTC 2025 - Executing "sed -i.bak -e {s/\(set ::env(CURRENT_NETLIST)\).*/\1 \/openlane\/designs\/image_proc\/runs\/first_run\/tmp\/15-fpga_sobel_top.nl.v/} /openlane/designs/image_proc/runs/first_run/config.tcl"

Sat Sep 06 23:16:22 UTC 2025 - Executing "openroad -exit /openlane/scripts/openroad/sta/multi_corner.tcl |& tee /dev/null /openlane/designs/image_proc/runs/first_run/logs/routing/16-rsz_design_sta.log"

Sat Sep 06 23:16:25 UTC 2025 - Executing "openroad -exit /openlane/scripts/openroad/resizer_routing_timing.tcl |& tee /dev/null /openlane/designs/image_proc/runs/first_run/logs/routing/17-resizer_timing.log"

Sat Sep 06 23:16:33 UTC 2025 - Executing "sed -i.bak -e {s/\(set ::env(CURRENT_NETLIST)\).*/\1 \/openlane\/designs\/image_proc\/runs\/first_run\/tmp\/17-fpga_sobel_top.nl.v/} /openlane/designs/image_proc/runs/first_run/config.tcl"

Sat Sep 06 23:16:33 UTC 2025 - Executing "openroad -exit /openlane/scripts/openroad/sta/multi_corner.tcl |& tee /dev/null /openlane/designs/image_proc/runs/first_run/logs/routing/18-rsz_timing_sta.log"

Sat Sep 06 23:16:37 UTC 2025 - Executing "openroad -exit /openlane/scripts/openroad/groute.tcl |& tee /dev/null /openlane/designs/image_proc/runs/first_run/logs/routing/19-global.log"

Sat Sep 06 23:16:42 UTC 2025 - Executing "openroad -exit /openlane/scripts/openroad/write_views.tcl |& tee /dev/null /openlane/designs/image_proc/runs/first_run/logs/routing/19-global_write_netlist.log"

Sat Sep 06 23:16:44 UTC 2025 - Executing "sed -i.bak -e {s/\(set ::env(CURRENT_NETLIST)\).*/\1 \/openlane\/designs\/image_proc\/runs\/first_run\/tmp\/routing\/global.nl.v/} /openlane/designs/image_proc/runs/first_run/config.tcl"

Sat Sep 06 23:16:44 UTC 2025 - Executing "openroad -exit /openlane/scripts/openroad/sta/multi_corner.tcl |& tee /dev/null /openlane/designs/image_proc/runs/first_run/logs/routing/21-grt_sta.log"

Sat Sep 06 23:16:47 UTC 2025 - Executing "openroad -exit /openlane/scripts/openroad/fill.tcl |& tee /dev/null /openlane/designs/image_proc/runs/first_run/logs/routing/22-fill.log"

Sat Sep 06 23:17:05 UTC 2025 - Executing "sed -i.bak -e {s/\(set ::env(CURRENT_NETLIST)\).*/\1 \/openlane\/designs\/image_proc\/runs\/first_run\/tmp\/routing\/22-fill.nl.v/} /openlane/designs/image_proc/runs/first_run/config.tcl"

Sat Sep 06 23:17:06 UTC 2025 - Executing "openroad -exit /openlane/scripts/openroad/droute.tcl |& tee /dev/null /openlane/designs/image_proc/runs/first_run/logs/routing/23-detailed.log"

Sat Sep 06 23:22:32 UTC 2025 - Executing "sed -i.bak -e {s/\(set ::env(CURRENT_NETLIST)\).*/\1 \/openlane\/designs\/image_proc\/runs\/first_run\/results\/routing\/fpga_sobel_top.nl.v/} /openlane/designs/image_proc/runs/first_run/config.tcl"

Sat Sep 06 23:22:32 UTC 2025 - Executing "python3 /openlane/scripts/drc_rosetta.py tr to_klayout -o /openlane/designs/image_proc/runs/first_run/reports/routing/drt.klayout.xml --design-name fpga_sobel_top /openlane/designs/image_proc/runs/first_run/reports/routing/drt.drc"

Sat Sep 06 23:22:33 UTC 2025 - Executing "openroad -exit -no_init -python /openlane/scripts/odbpy/wire_lengths.py --report-out /openlane/designs/image_proc/runs/first_run/reports/routing/24-wire_lengths.csv --input-lef /openlane/designs/image_proc/runs/first_run/tmp/merged.nom.lef --output-def /dev/null --output /openlane/designs/image_proc/runs/first_run/results/routing/fpga_sobel_top.odb /openlane/designs/image_proc/runs/first_run/results/routing/fpga_sobel_top.odb |& tee /dev/null /openlane/designs/image_proc/runs/first_run/logs/routing/24-wire_lengths.log"

Sat Sep 06 23:22:44 UTC 2025 - Executing "openroad -exit /openlane/scripts/openroad/rcx.tcl |& tee /dev/null /openlane/designs/image_proc/runs/first_run/logs/signoff/25-parasitics_extraction.min.log"

Sat Sep 06 23:22:54 UTC 2025 - Executing "sta -exit -no_init /openlane/scripts/openroad/sta/multi_corner.tcl |& tee /dev/null /openlane/designs/image_proc/runs/first_run/logs/signoff/26-rcx_mcsta.min.log"

Sat Sep 06 23:23:05 UTC 2025 - Executing "openroad -exit /openlane/scripts/openroad/rcx.tcl |& tee /dev/null /openlane/designs/image_proc/runs/first_run/logs/signoff/27-parasitics_extraction.max.log"

Sat Sep 06 23:23:15 UTC 2025 - Executing "sta -exit -no_init /openlane/scripts/openroad/sta/multi_corner.tcl |& tee /dev/null /openlane/designs/image_proc/runs/first_run/logs/signoff/28-rcx_mcsta.max.log"

Sat Sep 06 23:23:27 UTC 2025 - Executing "openroad -exit /openlane/scripts/openroad/rcx.tcl |& tee /dev/null /openlane/designs/image_proc/runs/first_run/logs/signoff/29-parasitics_extraction.nom.log"

Sat Sep 06 23:23:37 UTC 2025 - Executing "sta -exit -no_init /openlane/scripts/openroad/sta/multi_corner.tcl |& tee /dev/null /openlane/designs/image_proc/runs/first_run/logs/signoff/30-rcx_mcsta.nom.log"

Sat Sep 06 23:23:48 UTC 2025 - Executing "sta -exit -no_init /openlane/scripts/openroad/sta/multi_corner.tcl |& tee /dev/null /openlane/designs/image_proc/runs/first_run/logs/signoff/31-rcx_sta.log"

Sat Sep 06 23:23:54 UTC 2025 - Executing "openroad -exit /openlane/scripts/openroad/irdrop.tcl |& tee /dev/null /openlane/designs/image_proc/runs/first_run/logs/signoff/32-irdrop.log"

Sat Sep 06 23:24:43 UTC 2025 - Executing "magic -noconsole -dnull -rcfile /root/.ciel/sky130A/libs.tech/magic/sky130A.magicrc < /openlane/scripts/magic/wrapper.tcl |& tee /dev/null /openlane/designs/image_proc/runs/first_run/logs/signoff/33-gdsii.log"

Sat Sep 06 23:25:06 UTC 2025 - Executing "magic -noconsole -dnull -rcfile /root/.ciel/sky130A/libs.tech/magic/sky130A.magicrc < /openlane/scripts/magic/wrapper.tcl |& tee /dev/null /openlane/designs/image_proc/runs/first_run/logs/signoff/33-gds_ptrs.log"

Sat Sep 06 23:25:17 UTC 2025 - Executing "sed -i.bak -n {/^<< properties >>/,/^<< end >>/p} /openlane/designs/image_proc/runs/first_run/tmp/signoff/gds_ptrs.mag"

Sat Sep 06 23:25:18 UTC 2025 - Executing "magic -noconsole -dnull -rcfile /root/.ciel/sky130A/libs.tech/magic/sky130A.magicrc < /openlane/scripts/magic/wrapper.tcl |& tee /dev/null /openlane/designs/image_proc/runs/first_run/logs/signoff/33-lef.log"

Sat Sep 06 23:30:38 UTC 2025 - Executing "magic -noconsole -dnull -rcfile /root/.ciel/sky130A/libs.tech/magic/sky130A.magicrc < /openlane/scripts/magic/wrapper.tcl |& tee /dev/null /openlane/designs/image_proc/runs/first_run/logs/signoff/33-maglef.log"

Sat Sep 06 23:30:38 UTC 2025 - Executing "python3 /openlane/scripts/klayout/stream_out.py --output /openlane/designs/image_proc/runs/first_run/results/signoff/fpga_sobel_top.klayout.gds --lyt /root/.ciel/sky130A/libs.tech/klayout/tech/sky130A.lyt --lym /root/.ciel/sky130A/libs.tech/klayout/tech/sky130A.map --lyp /root/.ciel/sky130A/libs.tech/klayout/tech/sky130A.lyp --top fpga_sobel_top --with-gds-file /root/.ciel/sky130A/libs.ref/sky130_fd_sc_hd/gds/sky130_fd_sc_hd.gds --input-lef /openlane/designs/image_proc/runs/first_run/tmp/merged.nom.lef /openlane/designs/image_proc/runs/first_run/results/routing/fpga_sobel_top.def |& tee /dev/null /openlane/designs/image_proc/runs/first_run/logs/signoff/34-gdsii-klayout.log"

Sat Sep 06 23:30:50 UTC 2025 - Executing "klayout -b -r /openlane/scripts/klayout/xor.drc -rd a=/openlane/designs/image_proc/runs/first_run/results/signoff/fpga_sobel_top.gds -rd b=/openlane/designs/image_proc/runs/first_run/results/signoff/fpga_sobel_top.klayout.gds -rd jobs=1 -rd rdb_out=/openlane/designs/image_proc/runs/first_run/reports/signoff/35-xor.xml -rd ignore=81/14 -rd rpt_out=/openlane/designs/image_proc/runs/first_run/reports/signoff/35-xor.rpt |& tee /dev/null /openlane/designs/image_proc/runs/first_run/logs/signoff/35-xor.log"

Sat Sep 06 23:36:30 UTC 2025 - Executing "magic -noconsole -dnull -rcfile /root/.ciel/sky130A/libs.tech/magic/sky130A.magicrc < /openlane/scripts/magic/wrapper.tcl |& tee /dev/null /openlane/designs/image_proc/runs/first_run/logs/signoff/36-spice.log"

Sat Sep 06 23:41:29 UTC 2025 - Executing "openroad -exit -no_init -python /openlane/scripts/odbpy/power_utils.py write_powered_def --output /openlane/designs/image_proc/runs/first_run/tmp/signoff/36-fpga_sobel_top.p.def --input-lef /openlane/designs/image_proc/runs/first_run/tmp/merged.nom.lef --power-port VPWR --ground-port VGND --powered-netlist {} /openlane/designs/image_proc/runs/first_run/results/routing/fpga_sobel_top.def |& tee /dev/null /openlane/designs/image_proc/runs/first_run/logs/signoff/37-write_powered_def.log"

Sat Sep 06 23:41:39 UTC 2025 - Executing "openroad -exit /openlane/scripts/openroad/write_views.tcl |& tee /dev/null /openlane/designs/image_proc/runs/first_run/logs/signoff/37-write_powered_verilog.log"

Sat Sep 06 23:41:50 UTC 2025 - Executing "sed -i.bak -e {s/\(set ::env(CURRENT_NETLIST)\).*/\1 \/openlane\/designs\/image_proc\/runs\/first_run\/tmp\/signoff\/36-fpga_sobel_top.nl.v/} /openlane/designs/image_proc/runs/first_run/config.tcl"

Sat Sep 06 23:41:50 UTC 2025 - Executing "netgen -batch source /openlane/designs/image_proc/runs/first_run/tmp/signoff/39-setup_file.lef.lvs |& tee /dev/null /openlane/designs/image_proc/runs/first_run/logs/signoff/39-lvs.lef.log"

Sat Sep 06 23:43:06 UTC 2025 - Executing "magic -noconsole -dnull -rcfile /root/.ciel/sky130A/libs.tech/magic/sky130A.magicrc < /openlane/scripts/magic/wrapper.tcl |& tee /dev/null /openlane/designs/image_proc/runs/first_run/logs/signoff/40-drc.log"

Sat Sep 06 23:43:20 UTC 2025 - Executing "python3 /openlane/scripts/drc_rosetta.py magic to_tcl -o /openlane/designs/image_proc/runs/first_run/reports/signoff/drc.tcl /openlane/designs/image_proc/runs/first_run/reports/signoff/drc.rpt"

Sat Sep 06 23:43:20 UTC 2025 - Executing "python3 /openlane/scripts/drc_rosetta.py magic to_tr -o /openlane/designs/image_proc/runs/first_run/reports/signoff/drc.tr /openlane/designs/image_proc/runs/first_run/reports/signoff/drc.rpt"

Sat Sep 06 23:43:20 UTC 2025 - Executing "python3 /openlane/scripts/drc_rosetta.py tr to_klayout -o /openlane/designs/image_proc/runs/first_run/reports/signoff/drc.klayout.xml --design-name fpga_sobel_top /openlane/designs/image_proc/runs/first_run/reports/signoff/drc.tr"

Sat Sep 06 23:43:20 UTC 2025 - Executing "python3 /openlane/scripts/drc_rosetta.py magic to_rdb -o /openlane/designs/image_proc/runs/first_run/reports/signoff/drc.rdb /openlane/designs/image_proc/runs/first_run/reports/signoff/drc.rpt"

Sat Sep 06 23:43:21 UTC 2025 - Executing "openroad -exit /openlane/scripts/openroad/antenna_check.tcl |& tee /dev/null /openlane/designs/image_proc/runs/first_run/logs/signoff/41-arc.log"

Sat Sep 06 23:43:35 UTC 2025 - Executing "python3 /openlane/scripts/extract_antenna_violators.py --output /openlane/designs/image_proc/runs/first_run/reports/signoff/41-antenna_violators.rpt --plain-out /openlane/designs/image_proc/runs/first_run/reports/signoff/41-antenna_violators_pins.txt /openlane/designs/image_proc/runs/first_run/logs/signoff/41-arc.log"

Sat Sep 06 23:43:35 UTC 2025 - Executing "awk -v vdd=VPWR -v gnd=VGND -f /root/.ciel/sky130A/libs.tech/openlane/cvc/power.awk /openlane/designs/image_proc/runs/first_run/tmp/signoff/36-fpga_sobel_top.nl.v > /openlane/designs/image_proc/runs/first_run/tmp/signoff/fpga_sobel_top.power"

Sat Sep 06 23:43:36 UTC 2025 - Executing "awk -f /root/.ciel/sky130A/libs.tech/openlane/cvc/cdl.awk /root/.ciel/sky130A/libs.ref/sky130_fd_sc_hd/cdl/sky130_fd_sc_hd.cdl /openlane/designs/image_proc/runs/first_run/results/signoff/fpga_sobel_top.lef.spice > /openlane/designs/image_proc/runs/first_run/tmp/signoff/fpga_sobel_top.cdl"

Sat Sep 06 23:43:36 UTC 2025 - Executing "cvc_rv /root/.ciel/sky130A/libs.tech/openlane/cvc/cvcrc |& tee /dev/null /openlane/designs/image_proc/runs/first_run/logs/signoff/42-erc_screen.log"

