
Magic 8.3 revision 413 - Compiled on Wed Jul 12 10:04:40 UTC 2023.
Starting magic under Tcl interpreter
Using the terminal as the console.
Using NULL graphics device.
Processing system .magicrc file
Sourcing design .magicrc for technology sky130A ...
2 Magic internal units = 1 Lambda
Input style sky130(): scaleFactor=2, multiplier=2
The following types are not handled by extraction and will be treated as non-electrical types:
    ubm 
Scaled tech values by 2 / 1 to match internal grid scaling
Loading sky130A Device Generator Menu ...
Using technology "sky130A", version 1.0.493-0-g0fe599b
Reading LEF data from file /root/.ciel/sky130A/libs.ref/sky130_fd_sc_hd/techlef/sky130_fd_sc_hd__nom.tlef.
This action cannot be undone.
LEF read, Line 82 (Message): Unknown keyword "ANTENNAMODEL" in LEF file; ignoring.
LEF read, Line 83 (Message): Unknown keyword "ANTENNADIFFSIDEAREARATIO" in LEF file; ignoring.
LEF read, Line 116 (Message): Unknown keyword "MINENCLOSEDAREA" in LEF file; ignoring.
LEF read, Line 118 (Message): Unknown keyword "ANTENNAMODEL" in LEF file; ignoring.
LEF read, Line 119 (Message): Unknown keyword "ANTENNADIFFSIDEAREARATIO" in LEF file; ignoring.
LEF read, Line 125 (Message): Unknown keyword "MAXIMUMDENSITY" in LEF file; ignoring.
LEF read, Line 126 (Message): Unknown keyword "DENSITYCHECKWINDOW" in LEF file; ignoring.
LEF read, Line 127 (Message): Unknown keyword "DENSITYCHECKSTEP" in LEF file; ignoring.
LEF read, Line 160 (Message): Unknown keyword "MINENCLOSEDAREA" in LEF file; ignoring.
LEF read, Line 168 (Message): Unknown keyword "ANTENNAMODEL" in LEF file; ignoring.
LEF read, Line 169 (Message): Unknown keyword "ANTENNADIFFSIDEAREARATIO" in LEF file; ignoring.
LEF read, Line 171 (Message): Unknown keyword "MAXIMUMDENSITY" in LEF file; ignoring.
LEF read, Line 172 (Message): Unknown keyword "DENSITYCHECKWINDOW" in LEF file; ignoring.
LEF read, Line 173 (Message): Unknown keyword "DENSITYCHECKSTEP" in LEF file; ignoring.
LEF read, Line 210 (Message): Unknown keyword "ANTENNAMODEL" in LEF file; ignoring.
LEF read, Line 211 (Message): Unknown keyword "ANTENNADIFFSIDEAREARATIO" in LEF file; ignoring.
LEF read, Line 213 (Message): Unknown keyword "MAXIMUMDENSITY" in LEF file; ignoring.
LEF read, Line 214 (Message): Unknown keyword "DENSITYCHECKWINDOW" in LEF file; ignoring.
LEF read, Line 215 (Message): Unknown keyword "DENSITYCHECKSTEP" in LEF file; ignoring.
LEF read, Line 252 (Message): Unknown keyword "ANTENNAMODEL" in LEF file; ignoring.
LEF read, Line 253 (Message): Unknown keyword "ANTENNADIFFSIDEAREARATIO" in LEF file; ignoring.
LEF read, Line 255 (Message): Unknown keyword "MAXIMUMDENSITY" in LEF file; ignoring.
LEF read, Line 256 (Message): Unknown keyword "DENSITYCHECKWINDOW" in LEF file; ignoring.
LEF read, Line 257 (Message): Unknown keyword "DENSITYCHECKSTEP" in LEF file; ignoring.
LEF read, Line 294 (Message): Unknown keyword "ANTENNAMODEL" in LEF file; ignoring.
LEF read, Line 295 (Message): Unknown keyword "ANTENNADIFFSIDEAREARATIO" in LEF file; ignoring.
LEF read: Processed 801 lines.
Reading DEF data from file /openlane/designs/image_proc/runs/first_run/results/routing/fpga_sobel_top.def.
This action cannot be undone.
  Processed 4 vias total.
Cell sky130_fd_sc_hd__diode_2 read from path /root/.ciel/sky130A/libs.ref/sky130_fd_sc_hd/maglef
Cell sky130_fd_sc_hd__decap_3 read from path /root/.ciel/sky130A/libs.ref/sky130_fd_sc_hd/maglef
Cell sky130_ef_sc_hd__decap_12 read from path /root/.ciel/sky130A/libs.ref/sky130_fd_sc_hd/maglef
Cell sky130_fd_sc_hd__fill_2 read from path /root/.ciel/sky130A/libs.ref/sky130_fd_sc_hd/maglef
Cell sky130_fd_sc_hd__decap_8 read from path /root/.ciel/sky130A/libs.ref/sky130_fd_sc_hd/maglef
Cell sky130_fd_sc_hd__fill_1 read from path /root/.ciel/sky130A/libs.ref/sky130_fd_sc_hd/maglef
Cell sky130_fd_sc_hd__decap_6 read from path /root/.ciel/sky130A/libs.ref/sky130_fd_sc_hd/maglef
Cell sky130_fd_sc_hd__decap_4 read from path /root/.ciel/sky130A/libs.ref/sky130_fd_sc_hd/maglef
Cell sky130_fd_sc_hd__tapvpwrvgnd_1 read from path /root/.ciel/sky130A/libs.ref/sky130_fd_sc_hd/maglef
Cell sky130_fd_sc_hd__or2_1 read from path /root/.ciel/sky130A/libs.ref/sky130_fd_sc_hd/maglef
Cell sky130_fd_sc_hd__or4_1 read from path /root/.ciel/sky130A/libs.ref/sky130_fd_sc_hd/maglef
Cell sky130_fd_sc_hd__or4_4 read from path /root/.ciel/sky130A/libs.ref/sky130_fd_sc_hd/maglef
Cell sky130_fd_sc_hd__or3_2 read from path /root/.ciel/sky130A/libs.ref/sky130_fd_sc_hd/maglef
Cell sky130_fd_sc_hd__nor2_1 read from path /root/.ciel/sky130A/libs.ref/sky130_fd_sc_hd/maglef
Cell sky130_fd_sc_hd__or3_1 read from path /root/.ciel/sky130A/libs.ref/sky130_fd_sc_hd/maglef
Cell sky130_fd_sc_hd__buf_4 read from path /root/.ciel/sky130A/libs.ref/sky130_fd_sc_hd/maglef
Cell sky130_fd_sc_hd__buf_2 read from path /root/.ciel/sky130A/libs.ref/sky130_fd_sc_hd/maglef
Cell sky130_fd_sc_hd__clkbuf_4 read from path /root/.ciel/sky130A/libs.ref/sky130_fd_sc_hd/maglef
Cell sky130_fd_sc_hd__nor2_8 read from path /root/.ciel/sky130A/libs.ref/sky130_fd_sc_hd/maglef
Cell sky130_fd_sc_hd__or2b_2 read from path /root/.ciel/sky130A/libs.ref/sky130_fd_sc_hd/maglef
Cell sky130_fd_sc_hd__inv_2 read from path /root/.ciel/sky130A/libs.ref/sky130_fd_sc_hd/maglef
Cell sky130_fd_sc_hd__and2_1 read from path /root/.ciel/sky130A/libs.ref/sky130_fd_sc_hd/maglef
Cell sky130_fd_sc_hd__o21ai_2 read from path /root/.ciel/sky130A/libs.ref/sky130_fd_sc_hd/maglef
Cell sky130_fd_sc_hd__nor3_1 read from path /root/.ciel/sky130A/libs.ref/sky130_fd_sc_hd/maglef
Cell sky130_fd_sc_hd__a32o_1 read from path /root/.ciel/sky130A/libs.ref/sky130_fd_sc_hd/maglef
Cell sky130_fd_sc_hd__or4b_1 read from path /root/.ciel/sky130A/libs.ref/sky130_fd_sc_hd/maglef
Cell sky130_fd_sc_hd__nand2_1 read from path /root/.ciel/sky130A/libs.ref/sky130_fd_sc_hd/maglef
Cell sky130_fd_sc_hd__or3_4 read from path /root/.ciel/sky130A/libs.ref/sky130_fd_sc_hd/maglef
Cell sky130_fd_sc_hd__or3b_1 read from path /root/.ciel/sky130A/libs.ref/sky130_fd_sc_hd/maglef
Cell sky130_fd_sc_hd__or2b_1 read from path /root/.ciel/sky130A/libs.ref/sky130_fd_sc_hd/maglef
Cell sky130_fd_sc_hd__clkbuf_1 read from path /root/.ciel/sky130A/libs.ref/sky130_fd_sc_hd/maglef
Cell sky130_fd_sc_hd__o31a_1 read from path /root/.ciel/sky130A/libs.ref/sky130_fd_sc_hd/maglef
Cell sky130_fd_sc_hd__o32a_1 read from path /root/.ciel/sky130A/libs.ref/sky130_fd_sc_hd/maglef
Cell sky130_fd_sc_hd__a211o_1 read from path /root/.ciel/sky130A/libs.ref/sky130_fd_sc_hd/maglef
Cell sky130_fd_sc_hd__buf_1 read from path /root/.ciel/sky130A/libs.ref/sky130_fd_sc_hd/maglef
Cell sky130_fd_sc_hd__a2111o_1 read from path /root/.ciel/sky130A/libs.ref/sky130_fd_sc_hd/maglef
Cell sky130_fd_sc_hd__mux2_1 read from path /root/.ciel/sky130A/libs.ref/sky130_fd_sc_hd/maglef
Cell sky130_fd_sc_hd__a221o_1 read from path /root/.ciel/sky130A/libs.ref/sky130_fd_sc_hd/maglef
Cell sky130_fd_sc_hd__buf_6 read from path /root/.ciel/sky130A/libs.ref/sky130_fd_sc_hd/maglef
Cell sky130_fd_sc_hd__clkbuf_8 read from path /root/.ciel/sky130A/libs.ref/sky130_fd_sc_hd/maglef
Cell sky130_fd_sc_hd__and3_1 read from path /root/.ciel/sky130A/libs.ref/sky130_fd_sc_hd/maglef
Cell sky130_fd_sc_hd__a21o_1 read from path /root/.ciel/sky130A/libs.ref/sky130_fd_sc_hd/maglef
Cell sky130_fd_sc_hd__nand3_1 read from path /root/.ciel/sky130A/libs.ref/sky130_fd_sc_hd/maglef
Cell sky130_fd_sc_hd__and4_2 read from path /root/.ciel/sky130A/libs.ref/sky130_fd_sc_hd/maglef
Cell sky130_fd_sc_hd__a31o_1 read from path /root/.ciel/sky130A/libs.ref/sky130_fd_sc_hd/maglef
Cell sky130_fd_sc_hd__o21ai_1 read from path /root/.ciel/sky130A/libs.ref/sky130_fd_sc_hd/maglef
Cell sky130_fd_sc_hd__a21boi_1 read from path /root/.ciel/sky130A/libs.ref/sky130_fd_sc_hd/maglef
Cell sky130_fd_sc_hd__o21a_1 read from path /root/.ciel/sky130A/libs.ref/sky130_fd_sc_hd/maglef
Cell sky130_fd_sc_hd__o311a_1 read from path /root/.ciel/sky130A/libs.ref/sky130_fd_sc_hd/maglef
Cell sky130_fd_sc_hd__xnor2_1 read from path /root/.ciel/sky130A/libs.ref/sky130_fd_sc_hd/maglef
Cell sky130_fd_sc_hd__and4_1 read from path /root/.ciel/sky130A/libs.ref/sky130_fd_sc_hd/maglef
Cell sky130_fd_sc_hd__xor2_1 read from path /root/.ciel/sky130A/libs.ref/sky130_fd_sc_hd/maglef
Cell sky130_fd_sc_hd__and3b_1 read from path /root/.ciel/sky130A/libs.ref/sky130_fd_sc_hd/maglef
Cell sky130_fd_sc_hd__nor4_1 read from path /root/.ciel/sky130A/libs.ref/sky130_fd_sc_hd/maglef
Cell sky130_fd_sc_hd__and4_4 read from path /root/.ciel/sky130A/libs.ref/sky130_fd_sc_hd/maglef
Cell sky130_fd_sc_hd__or4bb_1 read from path /root/.ciel/sky130A/libs.ref/sky130_fd_sc_hd/maglef
Cell sky130_fd_sc_hd__o21ba_1 read from path /root/.ciel/sky130A/libs.ref/sky130_fd_sc_hd/maglef
Cell sky130_fd_sc_hd__a21oi_1 read from path /root/.ciel/sky130A/libs.ref/sky130_fd_sc_hd/maglef
Cell sky130_fd_sc_hd__clkbuf_2 read from path /root/.ciel/sky130A/libs.ref/sky130_fd_sc_hd/maglef
Cell sky130_fd_sc_hd__o21bai_1 read from path /root/.ciel/sky130A/libs.ref/sky130_fd_sc_hd/maglef
Cell sky130_fd_sc_hd__and2b_1 read from path /root/.ciel/sky130A/libs.ref/sky130_fd_sc_hd/maglef
Cell sky130_fd_sc_hd__and2_2 read from path /root/.ciel/sky130A/libs.ref/sky130_fd_sc_hd/maglef
Cell sky130_fd_sc_hd__o2bb2a_1 read from path /root/.ciel/sky130A/libs.ref/sky130_fd_sc_hd/maglef
Cell sky130_fd_sc_hd__o221a_1 read from path /root/.ciel/sky130A/libs.ref/sky130_fd_sc_hd/maglef
Cell sky130_fd_sc_hd__nand2_2 read from path /root/.ciel/sky130A/libs.ref/sky130_fd_sc_hd/maglef
Cell sky130_fd_sc_hd__and4bb_4 read from path /root/.ciel/sky130A/libs.ref/sky130_fd_sc_hd/maglef
Cell sky130_fd_sc_hd__and4b_1 read from path /root/.ciel/sky130A/libs.ref/sky130_fd_sc_hd/maglef
Cell sky130_fd_sc_hd__and3_2 read from path /root/.ciel/sky130A/libs.ref/sky130_fd_sc_hd/maglef
Cell sky130_fd_sc_hd__buf_8 read from path /root/.ciel/sky130A/libs.ref/sky130_fd_sc_hd/maglef
Cell sky130_fd_sc_hd__or4bb_4 read from path /root/.ciel/sky130A/libs.ref/sky130_fd_sc_hd/maglef
Cell sky130_fd_sc_hd__and4bb_1 read from path /root/.ciel/sky130A/libs.ref/sky130_fd_sc_hd/maglef
Cell sky130_fd_sc_hd__nor4b_1 read from path /root/.ciel/sky130A/libs.ref/sky130_fd_sc_hd/maglef
Cell sky130_fd_sc_hd__nand2_8 read from path /root/.ciel/sky130A/libs.ref/sky130_fd_sc_hd/maglef
Cell sky130_fd_sc_hd__and4b_2 read from path /root/.ciel/sky130A/libs.ref/sky130_fd_sc_hd/maglef
Cell sky130_fd_sc_hd__nor4b_2 read from path /root/.ciel/sky130A/libs.ref/sky130_fd_sc_hd/maglef
Cell sky130_fd_sc_hd__nand2_4 read from path /root/.ciel/sky130A/libs.ref/sky130_fd_sc_hd/maglef
Cell sky130_fd_sc_hd__a31oi_1 read from path /root/.ciel/sky130A/libs.ref/sky130_fd_sc_hd/maglef
Cell sky130_fd_sc_hd__or2_2 read from path /root/.ciel/sky130A/libs.ref/sky130_fd_sc_hd/maglef
Cell sky130_fd_sc_hd__a21oi_2 read from path /root/.ciel/sky130A/libs.ref/sky130_fd_sc_hd/maglef
Cell sky130_fd_sc_hd__or4b_2 read from path /root/.ciel/sky130A/libs.ref/sky130_fd_sc_hd/maglef
Cell sky130_fd_sc_hd__nor2_2 read from path /root/.ciel/sky130A/libs.ref/sky130_fd_sc_hd/maglef
Cell sky130_fd_sc_hd__and3b_4 read from path /root/.ciel/sky130A/libs.ref/sky130_fd_sc_hd/maglef
Cell sky130_fd_sc_hd__clkinv_4 read from path /root/.ciel/sky130A/libs.ref/sky130_fd_sc_hd/maglef
Cell sky130_fd_sc_hd__nor2_4 read from path /root/.ciel/sky130A/libs.ref/sky130_fd_sc_hd/maglef
Cell sky130_fd_sc_hd__and4b_4 read from path /root/.ciel/sky130A/libs.ref/sky130_fd_sc_hd/maglef
Cell sky130_fd_sc_hd__or4b_4 read from path /root/.ciel/sky130A/libs.ref/sky130_fd_sc_hd/maglef
Cell sky130_fd_sc_hd__and4bb_2 read from path /root/.ciel/sky130A/libs.ref/sky130_fd_sc_hd/maglef
Cell sky130_fd_sc_hd__nor4_2 read from path /root/.ciel/sky130A/libs.ref/sky130_fd_sc_hd/maglef
Cell sky130_fd_sc_hd__a32oi_4 read from path /root/.ciel/sky130A/libs.ref/sky130_fd_sc_hd/maglef
Cell sky130_fd_sc_hd__a21o_4 read from path /root/.ciel/sky130A/libs.ref/sky130_fd_sc_hd/maglef
Cell sky130_fd_sc_hd__a311o_1 read from path /root/.ciel/sky130A/libs.ref/sky130_fd_sc_hd/maglef
Cell sky130_fd_sc_hd__o21ai_4 read from path /root/.ciel/sky130A/libs.ref/sky130_fd_sc_hd/maglef
Cell sky130_fd_sc_hd__a41o_1 read from path /root/.ciel/sky130A/libs.ref/sky130_fd_sc_hd/maglef
Cell sky130_fd_sc_hd__or2_4 read from path /root/.ciel/sky130A/libs.ref/sky130_fd_sc_hd/maglef
Cell sky130_fd_sc_hd__and2b_2 read from path /root/.ciel/sky130A/libs.ref/sky130_fd_sc_hd/maglef
Cell sky130_fd_sc_hd__or3b_2 read from path /root/.ciel/sky130A/libs.ref/sky130_fd_sc_hd/maglef
Cell sky130_fd_sc_hd__a21oi_4 read from path /root/.ciel/sky130A/libs.ref/sky130_fd_sc_hd/maglef
Cell sky130_fd_sc_hd__o22a_1 read from path /root/.ciel/sky130A/libs.ref/sky130_fd_sc_hd/maglef
Cell sky130_fd_sc_hd__a2bb2o_2 read from path /root/.ciel/sky130A/libs.ref/sky130_fd_sc_hd/maglef
Cell sky130_fd_sc_hd__or4_2 read from path /root/.ciel/sky130A/libs.ref/sky130_fd_sc_hd/maglef
Cell sky130_fd_sc_hd__o2111a_1 read from path /root/.ciel/sky130A/libs.ref/sky130_fd_sc_hd/maglef
Cell sky130_fd_sc_hd__o21bai_2 read from path /root/.ciel/sky130A/libs.ref/sky130_fd_sc_hd/maglef
Cell sky130_fd_sc_hd__o221ai_4 read from path /root/.ciel/sky130A/libs.ref/sky130_fd_sc_hd/maglef
Cell sky130_fd_sc_hd__and2b_4 read from path /root/.ciel/sky130A/libs.ref/sky130_fd_sc_hd/maglef
Cell sky130_fd_sc_hd__o22ai_1 read from path /root/.ciel/sky130A/libs.ref/sky130_fd_sc_hd/maglef
Cell sky130_fd_sc_hd__a22o_1 read from path /root/.ciel/sky130A/libs.ref/sky130_fd_sc_hd/maglef
Cell sky130_fd_sc_hd__o211a_1 read from path /root/.ciel/sky130A/libs.ref/sky130_fd_sc_hd/maglef
Cell sky130_fd_sc_hd__o22ai_2 read from path /root/.ciel/sky130A/libs.ref/sky130_fd_sc_hd/maglef
Cell sky130_fd_sc_hd__nand4b_2 read from path /root/.ciel/sky130A/libs.ref/sky130_fd_sc_hd/maglef
Cell sky130_fd_sc_hd__o211ai_2 read from path /root/.ciel/sky130A/libs.ref/sky130_fd_sc_hd/maglef
Cell sky130_fd_sc_hd__o211ai_1 read from path /root/.ciel/sky130A/libs.ref/sky130_fd_sc_hd/maglef
Cell sky130_fd_sc_hd__a41oi_4 read from path /root/.ciel/sky130A/libs.ref/sky130_fd_sc_hd/maglef
Cell sky130_fd_sc_hd__o32a_2 read from path /root/.ciel/sky130A/libs.ref/sky130_fd_sc_hd/maglef
Cell sky130_fd_sc_hd__nand3b_1 read from path /root/.ciel/sky130A/libs.ref/sky130_fd_sc_hd/maglef
Cell sky130_fd_sc_hd__a2bb2o_1 read from path /root/.ciel/sky130A/libs.ref/sky130_fd_sc_hd/maglef
Cell sky130_fd_sc_hd__dfxtp_1 read from path /root/.ciel/sky130A/libs.ref/sky130_fd_sc_hd/maglef
Cell sky130_fd_sc_hd__dfxtp_2 read from path /root/.ciel/sky130A/libs.ref/sky130_fd_sc_hd/maglef
Cell sky130_fd_sc_hd__dfxtp_4 read from path /root/.ciel/sky130A/libs.ref/sky130_fd_sc_hd/maglef
Cell sky130_fd_sc_hd__ebufn_8 read from path /root/.ciel/sky130A/libs.ref/sky130_fd_sc_hd/maglef
Cell sky130_fd_sc_hd__conb_1 read from path /root/.ciel/sky130A/libs.ref/sky130_fd_sc_hd/maglef
Cell sky130_fd_sc_hd__clkbuf_16 read from path /root/.ciel/sky130A/libs.ref/sky130_fd_sc_hd/maglef
Cell sky130_fd_sc_hd__buf_12 read from path /root/.ciel/sky130A/libs.ref/sky130_fd_sc_hd/maglef
  Processed 479463 subcell instances total.
  Processed 33 pins total.
  Processed 2 special nets total.
  Processed 1074 nets total.
DEF read: Processed 561226 lines.
Moving label "_0017_" from metal1 to via1 in cell fpga_sobel_top.
Moving label "_0025_" from metal1 to via1 in cell fpga_sobel_top.
Moving label "_0034_" from metal1 to via1 in cell fpga_sobel_top.
Moving label "_0059_" from metal1 to via1 in cell fpga_sobel_top.
Moving label "_0083_" from metal1 to via1 in cell fpga_sobel_top.
Moving label "_0103_" from metal1 to via1 in cell fpga_sobel_top.
Moving label "_0111_" from metal2 to via2 in cell fpga_sobel_top.
Moving label "_0140_" from metal3 to via3 in cell fpga_sobel_top.
Moving label "_0164_" from metal2 to via2 in cell fpga_sobel_top.
Moving label "_0169_" from metal2 to via2 in cell fpga_sobel_top.
Moving label "_0219_" from metal1 to via1 in cell fpga_sobel_top.
Moving label "_0228_" from metal1 to viali in cell fpga_sobel_top.
Moving label "_0269_" from metal1 to via1 in cell fpga_sobel_top.
Moving label "_0333_" from metal1 to via1 in cell fpga_sobel_top.
Moving label "_0526_" from metal3 to via3 in cell fpga_sobel_top.
Moving label "_0552_" from metal2 to via2 in cell fpga_sobel_top.
Moving label "_0629_" from metal1 to via1 in cell fpga_sobel_top.
Moving label "_0642_" from metal1 to via1 in cell fpga_sobel_top.
Moving label "_0718_" from metal1 to via1 in cell fpga_sobel_top.
Moving label "_0782_" from metal2 to via2 in cell fpga_sobel_top.
Moving label "_0844_" from metal2 to via2 in cell fpga_sobel_top.
Moving label "cam_mod_01.camera_init_01.sender.data_temp\[28\]" from metal1 to via1 in cell fpga_sobel_top.
Moving label "net17" from metal1 to viali in cell fpga_sobel_top.
Moving label "net19" from metal1 to via1 in cell fpga_sobel_top.
Moving label "net22" from metal1 to viali in cell fpga_sobel_top.
Moving label "net41" from metal2 to via2 in cell fpga_sobel_top.
Moving label "net48" from metal2 to via2 in cell fpga_sobel_top.
Processing fpga_sobel_top
Extracting sky130_ef_sc_hd__decap_12 into sky130_ef_sc_hd__decap_12.ext:
Extracting sky130_fd_sc_hd__decap_3 into sky130_fd_sc_hd__decap_3.ext:
Extracting sky130_fd_sc_hd__fill_1 into sky130_fd_sc_hd__fill_1.ext:
Extracting sky130_fd_sc_hd__tapvpwrvgnd_1 into sky130_fd_sc_hd__tapvpwrvgnd_1.ext:
Extracting sky130_fd_sc_hd__decap_4 into sky130_fd_sc_hd__decap_4.ext:
Extracting sky130_fd_sc_hd__decap_6 into sky130_fd_sc_hd__decap_6.ext:
Extracting sky130_fd_sc_hd__fill_2 into sky130_fd_sc_hd__fill_2.ext:
Extracting sky130_fd_sc_hd__conb_1 into sky130_fd_sc_hd__conb_1.ext:
Extracting sky130_fd_sc_hd__decap_8 into sky130_fd_sc_hd__decap_8.ext:
Extracting sky130_fd_sc_hd__buf_8 into sky130_fd_sc_hd__buf_8.ext:
Extracting sky130_fd_sc_hd__clkbuf_4 into sky130_fd_sc_hd__clkbuf_4.ext:
Extracting sky130_fd_sc_hd__buf_1 into sky130_fd_sc_hd__buf_1.ext:
Extracting sky130_fd_sc_hd__clkbuf_1 into sky130_fd_sc_hd__clkbuf_1.ext:
Extracting sky130_fd_sc_hd__dfxtp_1 into sky130_fd_sc_hd__dfxtp_1.ext:
Extracting sky130_fd_sc_hd__dfxtp_4 into sky130_fd_sc_hd__dfxtp_4.ext:
Extracting sky130_fd_sc_hd__or2_1 into sky130_fd_sc_hd__or2_1.ext:
Extracting sky130_fd_sc_hd__a21boi_1 into sky130_fd_sc_hd__a21boi_1.ext:
Extracting sky130_fd_sc_hd__buf_2 into sky130_fd_sc_hd__buf_2.ext:
Extracting sky130_fd_sc_hd__o21a_1 into sky130_fd_sc_hd__o21a_1.ext:
Extracting sky130_fd_sc_hd__or4_4 into sky130_fd_sc_hd__or4_4.ext:
Extracting sky130_fd_sc_hd__and3_1 into sky130_fd_sc_hd__and3_1.ext:
Extracting sky130_fd_sc_hd__nor2_1 into sky130_fd_sc_hd__nor2_1.ext:
Extracting sky130_fd_sc_hd__clkbuf_8 into sky130_fd_sc_hd__clkbuf_8.ext:
Extracting sky130_fd_sc_hd__o21ai_1 into sky130_fd_sc_hd__o21ai_1.ext:
Extracting sky130_fd_sc_hd__and2_1 into sky130_fd_sc_hd__and2_1.ext:
Extracting sky130_fd_sc_hd__and3b_1 into sky130_fd_sc_hd__and3b_1.ext:
Extracting sky130_fd_sc_hd__a31o_1 into sky130_fd_sc_hd__a31o_1.ext:
Extracting sky130_fd_sc_hd__dfxtp_2 into sky130_fd_sc_hd__dfxtp_2.ext:
Extracting sky130_fd_sc_hd__o2bb2a_1 into sky130_fd_sc_hd__o2bb2a_1.ext:
Extracting sky130_fd_sc_hd__a21o_1 into sky130_fd_sc_hd__a21o_1.ext:
Extracting sky130_fd_sc_hd__inv_2 into sky130_fd_sc_hd__inv_2.ext:
Extracting sky130_fd_sc_hd__a211o_1 into sky130_fd_sc_hd__a211o_1.ext:
Extracting sky130_fd_sc_hd__a21oi_1 into sky130_fd_sc_hd__a21oi_1.ext:
Extracting sky130_fd_sc_hd__and4_2 into sky130_fd_sc_hd__and4_2.ext:
Extracting sky130_fd_sc_hd__nand2_1 into sky130_fd_sc_hd__nand2_1.ext:
Extracting sky130_fd_sc_hd__or4_1 into sky130_fd_sc_hd__or4_1.ext:
Extracting sky130_fd_sc_hd__o221a_1 into sky130_fd_sc_hd__o221a_1.ext:
Extracting sky130_fd_sc_hd__nor4_1 into sky130_fd_sc_hd__nor4_1.ext:
Extracting sky130_fd_sc_hd__or3_2 into sky130_fd_sc_hd__or3_2.ext:
Extracting sky130_fd_sc_hd__xor2_1 into sky130_fd_sc_hd__xor2_1.ext:
Extracting sky130_fd_sc_hd__xnor2_1 into sky130_fd_sc_hd__xnor2_1.ext:
Extracting sky130_fd_sc_hd__or3_4 into sky130_fd_sc_hd__or3_4.ext:
Extracting sky130_fd_sc_hd__o311a_1 into sky130_fd_sc_hd__o311a_1.ext:
Extracting sky130_fd_sc_hd__o32a_1 into sky130_fd_sc_hd__o32a_1.ext:
Extracting sky130_fd_sc_hd__or3_1 into sky130_fd_sc_hd__or3_1.ext:
Extracting sky130_fd_sc_hd__and4_4 into sky130_fd_sc_hd__and4_4.ext:
Extracting sky130_fd_sc_hd__or3b_1 into sky130_fd_sc_hd__or3b_1.ext:
Extracting sky130_fd_sc_hd__o31a_1 into sky130_fd_sc_hd__o31a_1.ext:
Extracting sky130_fd_sc_hd__or4b_1 into sky130_fd_sc_hd__or4b_1.ext:
Extracting sky130_fd_sc_hd__and4_1 into sky130_fd_sc_hd__and4_1.ext:
Extracting sky130_fd_sc_hd__nand3_1 into sky130_fd_sc_hd__nand3_1.ext:
Extracting sky130_fd_sc_hd__and2b_1 into sky130_fd_sc_hd__and2b_1.ext:
Extracting sky130_fd_sc_hd__or4bb_1 into sky130_fd_sc_hd__or4bb_1.ext:
Extracting sky130_fd_sc_hd__nor3_1 into sky130_fd_sc_hd__nor3_1.ext:
Extracting sky130_fd_sc_hd__a2111o_1 into sky130_fd_sc_hd__a2111o_1.ext:
Extracting sky130_fd_sc_hd__o21ba_1 into sky130_fd_sc_hd__o21ba_1.ext:
Extracting sky130_fd_sc_hd__o21bai_1 into sky130_fd_sc_hd__o21bai_1.ext:
Extracting sky130_fd_sc_hd__buf_4 into sky130_fd_sc_hd__buf_4.ext:
Extracting sky130_fd_sc_hd__nor4b_1 into sky130_fd_sc_hd__nor4b_1.ext:
Extracting sky130_fd_sc_hd__or4b_2 into sky130_fd_sc_hd__or4b_2.ext:
Extracting sky130_fd_sc_hd__and4b_4 into sky130_fd_sc_hd__and4b_4.ext:
Extracting sky130_fd_sc_hd__buf_6 into sky130_fd_sc_hd__buf_6.ext:
Extracting sky130_fd_sc_hd__clkbuf_2 into sky130_fd_sc_hd__clkbuf_2.ext:
Extracting sky130_fd_sc_hd__o21ai_2 into sky130_fd_sc_hd__o21ai_2.ext:
Extracting sky130_fd_sc_hd__mux2_1 into sky130_fd_sc_hd__mux2_1.ext:
Extracting sky130_fd_sc_hd__or2b_1 into sky130_fd_sc_hd__or2b_1.ext:
Extracting sky130_fd_sc_hd__or2b_2 into sky130_fd_sc_hd__or2b_2.ext:
Extracting sky130_fd_sc_hd__a32oi_4 into sky130_fd_sc_hd__a32oi_4.ext:
Extracting sky130_fd_sc_hd__a221o_1 into sky130_fd_sc_hd__a221o_1.ext:
Extracting sky130_fd_sc_hd__or4b_4 into sky130_fd_sc_hd__or4b_4.ext:
Extracting sky130_fd_sc_hd__and4bb_4 into sky130_fd_sc_hd__and4bb_4.ext:
Extracting sky130_fd_sc_hd__a32o_1 into sky130_fd_sc_hd__a32o_1.ext:
Extracting sky130_fd_sc_hd__and2_2 into sky130_fd_sc_hd__and2_2.ext:
Extracting sky130_fd_sc_hd__or4bb_4 into sky130_fd_sc_hd__or4bb_4.ext:
Extracting sky130_fd_sc_hd__nor4_2 into sky130_fd_sc_hd__nor4_2.ext:
Extracting sky130_fd_sc_hd__and4bb_1 into sky130_fd_sc_hd__and4bb_1.ext:
Extracting sky130_fd_sc_hd__or3b_2 into sky130_fd_sc_hd__or3b_2.ext:
Extracting sky130_fd_sc_hd__nand2_2 into sky130_fd_sc_hd__nand2_2.ext:
Extracting sky130_fd_sc_hd__a311o_1 into sky130_fd_sc_hd__a311o_1.ext:
Extracting sky130_fd_sc_hd__and2b_4 into sky130_fd_sc_hd__and2b_4.ext:
Extracting sky130_fd_sc_hd__o211a_1 into sky130_fd_sc_hd__o211a_1.ext:
Extracting sky130_fd_sc_hd__nand4b_2 into sky130_fd_sc_hd__nand4b_2.ext:
Extracting sky130_fd_sc_hd__and4b_1 into sky130_fd_sc_hd__and4b_1.ext:
Extracting sky130_fd_sc_hd__o22ai_2 into sky130_fd_sc_hd__o22ai_2.ext:
Extracting sky130_fd_sc_hd__or4_2 into sky130_fd_sc_hd__or4_2.ext:
Extracting sky130_fd_sc_hd__nor2_4 into sky130_fd_sc_hd__nor2_4.ext:
Extracting sky130_fd_sc_hd__nor2_8 into sky130_fd_sc_hd__nor2_8.ext:
Extracting sky130_fd_sc_hd__clkinv_4 into sky130_fd_sc_hd__clkinv_4.ext:
Extracting sky130_fd_sc_hd__nor2_2 into sky130_fd_sc_hd__nor2_2.ext:
Extracting sky130_fd_sc_hd__or2_4 into sky130_fd_sc_hd__or2_4.ext:
Extracting sky130_fd_sc_hd__o21ai_4 into sky130_fd_sc_hd__o21ai_4.ext:
Extracting sky130_fd_sc_hd__or2_2 into sky130_fd_sc_hd__or2_2.ext:
Extracting sky130_fd_sc_hd__diode_2 into sky130_fd_sc_hd__diode_2.ext:
Extracting sky130_fd_sc_hd__and2b_2 into sky130_fd_sc_hd__and2b_2.ext:
Extracting sky130_fd_sc_hd__a41oi_4 into sky130_fd_sc_hd__a41oi_4.ext:
Extracting sky130_fd_sc_hd__o32a_2 into sky130_fd_sc_hd__o32a_2.ext:
Extracting sky130_fd_sc_hd__nand2_4 into sky130_fd_sc_hd__nand2_4.ext:
Extracting sky130_fd_sc_hd__o22a_1 into sky130_fd_sc_hd__o22a_1.ext:
Extracting sky130_fd_sc_hd__ebufn_8 into sky130_fd_sc_hd__ebufn_8.ext:
Extracting sky130_fd_sc_hd__a21oi_2 into sky130_fd_sc_hd__a21oi_2.ext:
Extracting sky130_fd_sc_hd__clkbuf_16 into sky130_fd_sc_hd__clkbuf_16.ext:
Extracting sky130_fd_sc_hd__o22ai_1 into sky130_fd_sc_hd__o22ai_1.ext:
Extracting sky130_fd_sc_hd__o211ai_1 into sky130_fd_sc_hd__o211ai_1.ext:
Extracting sky130_fd_sc_hd__and4bb_2 into sky130_fd_sc_hd__and4bb_2.ext:
Extracting sky130_fd_sc_hd__and4b_2 into sky130_fd_sc_hd__and4b_2.ext:
Extracting sky130_fd_sc_hd__and3b_4 into sky130_fd_sc_hd__and3b_4.ext:
Extracting sky130_fd_sc_hd__o211ai_2 into sky130_fd_sc_hd__o211ai_2.ext:
Extracting sky130_fd_sc_hd__a21o_4 into sky130_fd_sc_hd__a21o_4.ext:
Extracting sky130_fd_sc_hd__a22o_1 into sky130_fd_sc_hd__a22o_1.ext:
Extracting sky130_fd_sc_hd__a2bb2o_1 into sky130_fd_sc_hd__a2bb2o_1.ext:
Extracting sky130_fd_sc_hd__a41o_1 into sky130_fd_sc_hd__a41o_1.ext:
Extracting sky130_fd_sc_hd__a2bb2o_2 into sky130_fd_sc_hd__a2bb2o_2.ext:
Extracting sky130_fd_sc_hd__and3_2 into sky130_fd_sc_hd__and3_2.ext:
Extracting sky130_fd_sc_hd__nand2_8 into sky130_fd_sc_hd__nand2_8.ext:
Extracting sky130_fd_sc_hd__nand3b_1 into sky130_fd_sc_hd__nand3b_1.ext:
Extracting sky130_fd_sc_hd__o221ai_4 into sky130_fd_sc_hd__o221ai_4.ext:
Extracting sky130_fd_sc_hd__nor4b_2 into sky130_fd_sc_hd__nor4b_2.ext:
Extracting sky130_fd_sc_hd__o2111a_1 into sky130_fd_sc_hd__o2111a_1.ext:
Extracting sky130_fd_sc_hd__o21bai_2 into sky130_fd_sc_hd__o21bai_2.ext:
Extracting sky130_fd_sc_hd__a31oi_1 into sky130_fd_sc_hd__a31oi_1.ext:
Extracting sky130_fd_sc_hd__a21oi_4 into sky130_fd_sc_hd__a21oi_4.ext:
Extracting sky130_fd_sc_hd__buf_12 into sky130_fd_sc_hd__buf_12.ext:
Extracting fpga_sobel_top into fpga_sobel_top.ext:
exttospice finished.
