srcscan starts
srcscan exits with return value 0
RI-9002)
INFO: analyzing module cam_data (VERI-9002)
INFO: analyzing module cam_mod (VERI-9002)
C:/Users/ACER/OneDrive/Desktop/image_processing/image_processing.srcs/sources_1/new/cam_mod.v(52): INFO: undeclared symbol 'sio_d_io', assumed default net type 'wire' (VERI-2561)
INFO: analyzing module grayscale_to_rgb (VERI-9002)
INFO: analyzing module hdmi_mod (VERI-9002)
INFO: analyzing module rgb_to_grayscale (VERI-9002)
INFO: analyzing module sobel_kernel (VERI-9002)
INFO: analyzing module sobel_mod (VERI-9002)
INFO: analyzing module fpga_sobel_top (VERI-9002)
C:/Users/ACER/OneDrive/Desktop/image_processing/image_processing.srcs/sources_1/new/fpga_sobel_top.v(67): INFO: undeclared symbol 'sio_d_o', assumed default net type 'wire' (VERI-2561)
C:/Users/ACER/OneDrive/Desktop/image_processing/image_processing.srcs/sources_1/new/fpga_sobel_top.v(69): INFO: undeclared symbol 'cam_pwd_o', assumed default net type 'wire' (VERI-2561)
C:/Users/ACER/OneDrive/Desktop/image_processing/image_processing.srcs/sources_1/new/fpga_sobel_top.v(95): INFO: undeclared symbol 'sobel_blue_o', assumed default net type 'wire' (VERI-2561)
INFO: analyzing module fifo_single_line_buffer (VERI-9002)
INFO: analyzing module tb_rgb_to_grayscale (VERI-9002)
C:/Users/ACER/AppData/Local/Temp/VivadoEditorAssist2228333061484441586.tmp(111): WARNING: illegal format specifier   for display (VERI-1375)
INFO: analyzing module fifo_single_line_buffer_tb (VERI-9002)
C:/Users/ACER/AppData/Local/Temp/VivadoEditorAssist12028086899255702510.tmp(44): WARNING: syntax error near 'endmodule' (VERI-1137)
C:/Users/ACER/AppData/Local/Temp/VivadoEditorAssist12028086899255702510.tmp(44): ERROR: Verilog 2000 keyword 'endmodule' used in incorrect context (VERI-2344)
srcscan exits with return value 0
