
34. Executing CHECK pass (checking for obvious problems).
Checking module sobel_kernel...
Checking module sobel_data_modulate...
Checking module sobel_data_buffer...
Checking module sobel_calc...
Checking module vga_control...
Checking module cam_mod...
Checking module camera_init...
Checking module rgb_to_grayscale...
Checking module sccb_sender...
Checking module fpga_sobel_top...
Checking module vga_display...
Checking module reg_init...
Checking module fifo_single_line_buffer...
Checking module sobel_mod...
Checking module grayscale_to_rgb...
Checking module cam_data_capt...
Checking module fifo_double_line_buffer...
Checking module cam_data_proc...
Found and reported 0 problems.
