
===========================================================================
report_checks -path_delay max (Setup)
============================================================================
======================= Typical Corner ===================================

Startpoint: sys_clk_i (input port clocked by clk)
Endpoint: xvclk_o (output port clocked by clk)
Path Group: clk
Path Type: max

Fanout     Cap    Slew   Delay    Time   Description
-----------------------------------------------------------------------------
                  0.00    0.00    0.00   clock clk (rise edge)
                          0.00    0.00   clock network delay (ideal)
                          2.00    2.00 ^ input external delay
                  0.90    0.64    2.64 ^ sys_clk_i (in)
   106    0.20                           sys_clk_i (net)
                  0.90    0.00    2.64 ^ _1910_/A (sky130_fd_sc_hd__buf_2)
                  0.17    0.36    3.01 ^ _1910_/X (sky130_fd_sc_hd__buf_2)
     1    0.03                           xvclk_o (net)
                  0.17    0.00    3.01 ^ xvclk_o (out)
                                  3.01   data arrival time

                  0.00   10.00   10.00   clock clk (rise edge)
                          0.00   10.00   clock network delay (ideal)
                         -0.25    9.75   clock uncertainty
                          0.00    9.75   clock reconvergence pessimism
                         -2.00    7.75   output external delay
                                  7.75   data required time
-----------------------------------------------------------------------------
                                  7.75   data required time
                                 -3.01   data arrival time
-----------------------------------------------------------------------------
                                  4.74   slack (MET)



