
===========================================================================
report_checks -path_delay min (Hold)
============================================================================
======================= Typical Corner ===================================

Startpoint: sys_clk_i (input port clocked by clk)
Endpoint: xvclk_o (output port clocked by clk)
Path Group: clk
Path Type: min

Fanout     Cap    Slew   Delay    Time   Description
-----------------------------------------------------------------------------
                  0.00    0.00    0.00   clock clk (rise edge)
                          0.00    0.00   clock network delay (ideal)
                          2.00    2.00 v input external delay
                  0.02    0.01    2.01 v sys_clk_i (in)
     1    0.01                           sys_clk_i (net)
                  0.02    0.00    2.01 v input1/A (sky130_fd_sc_hd__buf_8)
                  0.09    0.14    2.15 v input1/X (sky130_fd_sc_hd__buf_8)
     2    0.14                           net1 (net)
                  0.16    0.06    2.22 v fanout38/A (sky130_fd_sc_hd__clkbuf_8)
                  0.11    0.24    2.45 v fanout38/X (sky130_fd_sc_hd__clkbuf_8)
     6    0.09                           net38 (net)
                  0.11    0.02    2.48 v _1910_/A (sky130_fd_sc_hd__clkbuf_8)
                  0.10    0.21    2.69 v _1910_/X (sky130_fd_sc_hd__clkbuf_8)
     1    0.09                           net6 (net)
                  0.12    0.03    2.72 v output6/A (sky130_fd_sc_hd__buf_2)
                  0.09    0.20    2.92 v output6/X (sky130_fd_sc_hd__buf_2)
     1    0.03                           xvclk_o (net)
                  0.09    0.00    2.92 v xvclk_o (out)
                                  2.92   data arrival time

                  0.00    0.00    0.00   clock clk (rise edge)
                          0.00    0.00   clock network delay (ideal)
                          0.25    0.25   clock uncertainty
                          0.00    0.25   clock reconvergence pessimism
                         -2.00   -1.75   output external delay
                                 -1.75   data required time
-----------------------------------------------------------------------------
                                 -1.75   data required time
                                 -2.92   data arrival time
-----------------------------------------------------------------------------
                                  4.67   slack (MET)



