OpenROAD 41a51eaf4ca2171c92ff38afb91eb37bbd3f36da 
This program is licensed under the BSD-3 license. See the LICENSE file for details.
Components of this program may be licensed under more restrictive licenses which must be honored.
[INFO]: Reading ODB at '/openlane/designs/image_proc/runs/first_run/results/floorplan/fpga_sobel_top.odb'…
define_corners Typical
read_liberty -corner Typical /root/.ciel/sky130A/libs.ref/sky130_fd_sc_hd/lib/sky130_fd_sc_hd__tt_025C_1v80.lib
Using 1e-12 for capacitance...
Using 1e+03 for resistance...
Using 1e-09 for time...
Using 1e+00 for voltage...
Using 1e-03 for current...
Using 1e-09 for power...
Using 1e-06 for distance...
Reading design constraints file at '/openlane/designs/image_proc/runs/first_run/tmp/floorplan/3-initial_fp.sdc'…
[INFO]: Setting RC values...
[INFO]: Setting signal min routing layer to: met1 and clock min routing layer to met3. 
[INFO]: Setting signal max routing layer to: met5 and clock max routing layer to met5. 
[INFO GPL-0002] DBU: 1000
[INFO GPL-0003] SiteSize: 460 2720
[INFO GPL-0004] CoreAreaLxLy: 5520 10880
[INFO GPL-0005] CoreAreaUxUy: 2191900 2195040
[INFO GPL-0006] NumInstances: 70645
[INFO GPL-0007] NumPlaceInstances: 1017
[INFO GPL-0008] NumFixedInstances: 69628
[INFO GPL-0009] NumDummyInstances: 0
[INFO GPL-0010] NumNets: 1030
[INFO GPL-0011] NumPins: 3832
[INFO GPL-0012] DieAreaLxLy: 0 0
[INFO GPL-0013] DieAreaUxUy: 2197695 2208415
[INFO GPL-0014] CoreAreaLxLy: 5520 10880
[INFO GPL-0015] CoreAreaUxUy: 2191900 2195040
[INFO GPL-0016] CoreArea: 4775403740800
[INFO GPL-0017] NonPlaceInstsArea: 91137408000
[INFO GPL-0018] PlaceInstsArea: 9562921600
[INFO GPL-0019] Util(%): 0.20
[INFO GPL-0020] StdInstsArea: 9562921600
[INFO GPL-0021] MacroInstsArea: 0
[InitialPlace]  Iter: 1 CG residual: 0.00365420 HPWL: 50749900
[InitialPlace]  Iter: 2 CG residual: 0.00001568 HPWL: 19601161
[InitialPlace]  Iter: 3 CG residual: 0.00000192 HPWL: 19031115
[InitialPlace]  Iter: 4 CG residual: 0.00000573 HPWL: 19026401
[InitialPlace]  Iter: 5 CG residual: 0.00002294 HPWL: 18908544
[InitialPlace]  Iter: 6 CG residual: 0.00001121 HPWL: 18928565
[InitialPlace]  Iter: 7 CG residual: 0.00000236 HPWL: 18840933
[INFO GPL-0031] FillerInit: NumGCells: 52758
[INFO GPL-0032] FillerInit: NumGNets: 1030
[INFO GPL-0033] FillerInit: NumGPins: 3832
[INFO GPL-0023] TargetDensity: 0.10
[INFO GPL-0024] AveragePlaceInstArea: 9403069
[INFO GPL-0025] IdealBinArea: 92186952
[INFO GPL-0026] IdealBinCnt: 51801
[INFO GPL-0027] TotalBinArea: 4775403740800
[INFO GPL-0028] BinCnt: 128 128
[INFO GPL-0029] BinSize: 17082 17064
[INFO GPL-0030] NumBins: 16384
[NesterovSolve] Iter: 1 overflow: 0.958104 HPWL: 15026627
[NesterovSolve] Iter: 10 overflow: 0.86816 HPWL: 22513492
[NesterovSolve] Iter: 20 overflow: 0.807893 HPWL: 22224658
[NesterovSolve] Iter: 30 overflow: 0.815237 HPWL: 22591837
[NesterovSolve] Iter: 40 overflow: 0.813317 HPWL: 23000517
[NesterovSolve] Iter: 50 overflow: 0.807356 HPWL: 22715678
[NesterovSolve] Iter: 60 overflow: 0.808119 HPWL: 22847105
[NesterovSolve] Iter: 70 overflow: 0.809207 HPWL: 22902213
[NesterovSolve] Iter: 80 overflow: 0.804565 HPWL: 22874267
[NesterovSolve] Iter: 90 overflow: 0.807504 HPWL: 22860452
[NesterovSolve] Iter: 100 overflow: 0.80985 HPWL: 22732882
[NesterovSolve] Iter: 110 overflow: 0.814777 HPWL: 22638057
[NesterovSolve] Iter: 120 overflow: 0.810251 HPWL: 22388088
[NesterovSolve] Iter: 130 overflow: 0.807168 HPWL: 22642333
[NesterovSolve] Iter: 140 overflow: 0.804578 HPWL: 22555159
[NesterovSolve] Iter: 150 overflow: 0.808437 HPWL: 22798207
[NesterovSolve] Iter: 160 overflow: 0.810261 HPWL: 22625376
[NesterovSolve] Iter: 170 overflow: 0.813995 HPWL: 22666655
[NesterovSolve] Iter: 180 overflow: 0.803204 HPWL: 22889772
[NesterovSolve] Iter: 190 overflow: 0.801794 HPWL: 23129695
[NesterovSolve] Iter: 200 overflow: 0.797134 HPWL: 23721434
[NesterovSolve] Iter: 210 overflow: 0.793932 HPWL: 23722951
[NesterovSolve] Iter: 220 overflow: 0.788153 HPWL: 24391674
[INFO GPL-0100] worst slack 4.78e-09
[INFO GPL-0103] Weighted 2 nets.
[NesterovSolve] Iter: 230 overflow: 0.771384 HPWL: 25835792
[NesterovSolve] Iter: 240 overflow: 0.760637 HPWL: 28036319
[NesterovSolve] Iter: 250 overflow: 0.737045 HPWL: 29187169
[NesterovSolve] Iter: 260 overflow: 0.708702 HPWL: 31147224
[NesterovSolve] Iter: 270 overflow: 0.680962 HPWL: 33630622
[NesterovSolve] Iter: 280 overflow: 0.654596 HPWL: 35928301
[INFO GPL-0100] worst slack 4.81e-09
[INFO GPL-0103] Weighted 2 nets.
[NesterovSolve] Iter: 290 overflow: 0.613082 HPWL: 38161298
[NesterovSolve] Snapshot saved at iter = 293
[NesterovSolve] Iter: 300 overflow: 0.578875 HPWL: 41192291
[NesterovSolve] Iter: 310 overflow: 0.539179 HPWL: 44048096
[NesterovSolve] Iter: 320 overflow: 0.501107 HPWL: 46982860
[INFO GPL-0100] worst slack 4.8e-09
[INFO GPL-0103] Weighted 2 nets.
[NesterovSolve] Iter: 330 overflow: 0.455614 HPWL: 50394729
[NesterovSolve] Iter: 340 overflow: 0.410633 HPWL: 54228771
[NesterovSolve] Iter: 350 overflow: 0.367444 HPWL: 57365018
[NesterovSolve] Iter: 360 overflow: 0.313175 HPWL: 61254811
[INFO GPL-0100] worst slack 4.55e-09
[INFO GPL-0103] Weighted 2 nets.
[NesterovSolve] Iter: 370 overflow: 0.268827 HPWL: 64430139
[NesterovSolve] Iter: 380 overflow: 0.223309 HPWL: 67395479
[INFO GPL-0100] worst slack 4.69e-09
[INFO GPL-0103] Weighted 2 nets.
[INFO GPL-0075] Routability numCall: 1 inflationIterCnt: 1 bloatIterCnt: 0
[INFO GPL-0036] TileLxLy: 0 0
[INFO GPL-0037] TileSize: 6900 6900
[INFO GPL-0038] TileCnt: 318 320
[INFO GPL-0039] numRoutingLayers: 6
[INFO GPL-0040] NumTiles: 101760
[INFO GPL-0063] TotalRouteOverflowH2: 0.0
[INFO GPL-0064] TotalRouteOverflowV2: 0.0
[INFO GPL-0065] OverflowTileCnt2: 0
[INFO GPL-0066] 0.5%RC: 0.7274725436568855
[INFO GPL-0067] 1.0%RC: 0.6970848089632304
[INFO GPL-0068] 2.0%RC: 0.6818795490640308
[INFO GPL-0069] 5.0%RC: 0.5651166000777607
[INFO GPL-0070] 0.5rcK: 1.0
[INFO GPL-0071] 1.0rcK: 1.0
[INFO GPL-0072] 2.0rcK: 0.0
[INFO GPL-0073] 5.0rcK: 0.0
[INFO GPL-0074] FinalRC: 0.71227866
[NesterovSolve] Iter: 390 overflow: 0.18174 HPWL: 69893179
[NesterovSolve] Iter: 400 overflow: 0.152301 HPWL: 71686440
[INFO GPL-0100] worst slack 4.63e-09
[INFO GPL-0103] Weighted 2 nets.
[NesterovSolve] Iter: 410 overflow: 0.126903 HPWL: 72955552
[NesterovSolve] Iter: 420 overflow: 0.102401 HPWL: 71463449
[NesterovSolve] Finished with Overflow: 0.099615
Setting global connections for newly added cells…
Writing OpenROAD database to '/openlane/designs/image_proc/runs/first_run/tmp/placement/7-global.odb'…
Writing netlist to '/openlane/designs/image_proc/runs/first_run/tmp/placement/7-global.nl.v'…
Writing powered netlist to '/openlane/designs/image_proc/runs/first_run/tmp/placement/7-global.pnl.v'…
Writing layout to '/openlane/designs/image_proc/runs/first_run/tmp/placement/7-global.def'…
