
===========================================================================
 report_power
============================================================================
======================= Fastest Corner ===================================

Group                  Internal  Switching    Leakage      Total
                          Power      Power      Power      Power (Watts)
----------------------------------------------------------------
Sequential             8.39e-05   7.91e-05   1.55e-09   1.63e-04  74.9%
Combinational          1.76e-05   3.66e-05   2.36e-07   5.45e-05  25.1%
Macro                  0.00e+00   0.00e+00   0.00e+00   0.00e+00   0.0%
Pad                    0.00e+00   0.00e+00   0.00e+00   0.00e+00   0.0%
----------------------------------------------------------------
Total                  1.02e-04   1.16e-04   2.37e-07   2.18e-04 100.0%
                          46.7%      53.2%       0.1%

======================= Slowest Corner ===================================

Group                  Internal  Switching    Leakage      Total
                          Power      Power      Power      Power (Watts)
----------------------------------------------------------------
Sequential             5.96e-05   5.17e-05   1.54e-06   1.13e-04  73.2%
Combinational          1.31e-05   2.41e-05   4.22e-06   4.14e-05  26.8%
Macro                  0.00e+00   0.00e+00   0.00e+00   0.00e+00   0.0%
Pad                    0.00e+00   0.00e+00   0.00e+00   0.00e+00   0.0%
----------------------------------------------------------------
Total                  7.27e-05   7.58e-05   5.76e-06   1.54e-04 100.0%
                          47.1%      49.1%       3.7%

======================= Typical Corner ===================================

Group                  Internal  Switching    Leakage      Total
                          Power      Power      Power      Power (Watts)
----------------------------------------------------------------
Sequential             7.37e-05   6.63e-05   8.86e-10   1.40e-04  74.9%
Combinational          1.59e-05   3.09e-05   2.33e-07   4.70e-05  25.1%
Macro                  0.00e+00   0.00e+00   0.00e+00   0.00e+00   0.0%
Pad                    0.00e+00   0.00e+00   0.00e+00   0.00e+00   0.0%
----------------------------------------------------------------
Total                  8.96e-05   9.72e-05   2.34e-07   1.87e-04 100.0%
                          47.9%      52.0%       0.1%

