
===========================================================================
report_checks -path_delay max (Setup)
============================================================================
======================= Typical Corner ===================================

Startpoint: sys_clk_i (input port clocked by clk)
Endpoint: xvclk_o (output port clocked by clk)
Path Group: clk
Path Type: max

Fanout     Cap    Slew   Delay    Time   Description
-----------------------------------------------------------------------------
                  0.00    0.00    0.00   clock clk (rise edge)
                          0.00    0.00   clock network delay (ideal)
                          2.00    2.00 ^ input external delay
                  0.04    0.03    2.03 ^ sys_clk_i (in)
     1    0.01                           sys_clk_i (net)
                  0.04    0.00    2.03 ^ input1/A (sky130_fd_sc_hd__buf_8)
                  0.17    0.18    2.21 ^ input1/X (sky130_fd_sc_hd__buf_8)
     2    0.11                           net1 (net)
                  0.21    0.06    2.27 ^ fanout38/A (sky130_fd_sc_hd__clkbuf_8)
                  0.05    0.19    2.46 ^ fanout38/X (sky130_fd_sc_hd__clkbuf_8)
     6    0.01                           net38 (net)
                  0.05    0.00    2.46 ^ _1910_/A (sky130_fd_sc_hd__clkbuf_8)
                  0.14    0.19    2.65 ^ _1910_/X (sky130_fd_sc_hd__clkbuf_8)
     1    0.07                           net6 (net)
                  0.15    0.03    2.68 ^ output6/A (sky130_fd_sc_hd__buf_2)
                  0.17    0.24    2.92 ^ output6/X (sky130_fd_sc_hd__buf_2)
     1    0.03                           xvclk_o (net)
                  0.17    0.00    2.92 ^ xvclk_o (out)
                                  2.92   data arrival time

                  0.00   10.00   10.00   clock clk (rise edge)
                          0.00   10.00   clock network delay (ideal)
                         -0.25    9.75   clock uncertainty
                          0.00    9.75   clock reconvergence pessimism
                         -2.00    7.75   output external delay
                                  7.75   data required time
-----------------------------------------------------------------------------
                                  7.75   data required time
                                 -2.92   data arrival time
-----------------------------------------------------------------------------
                                  4.83   slack (MET)



