
===========================================================================
report_checks -path_delay max (Setup)
============================================================================
======================= Typical Corner ===================================

Startpoint: sys_clk_i (input port clocked by clk)
Endpoint: xvclk_o (output port clocked by clk)
Path Group: clk
Path Type: max

Fanout     Cap    Slew   Delay    Time   Description
-----------------------------------------------------------------------------
                  0.00    0.00    0.00   clock clk (rise edge)
                          0.00    0.00   clock network delay (ideal)
                          2.00    2.00 v input external delay
                  0.02    0.01    2.01 v sys_clk_i (in)
     1    0.01                           sys_clk_i (net)
                  0.02    0.00    2.01 v input1/A (sky130_fd_sc_hd__buf_8)
                  0.02    0.10    2.12 v input1/X (sky130_fd_sc_hd__buf_8)
     2    0.01                           net1 (net)
                  0.02    0.00    2.12 v fanout38/A (sky130_fd_sc_hd__clkbuf_8)
                  0.03    0.13    2.25 v fanout38/X (sky130_fd_sc_hd__clkbuf_8)
     6    0.01                           net38 (net)
                  0.03    0.00    2.25 v _1910_/A (sky130_fd_sc_hd__clkbuf_8)
                  0.02    0.12    2.37 v _1910_/X (sky130_fd_sc_hd__clkbuf_8)
     1    0.00                           net6 (net)
                  0.02    0.00    2.37 v output6/A (sky130_fd_sc_hd__buf_2)
                  0.09    0.18    2.55 v output6/X (sky130_fd_sc_hd__buf_2)
     1    0.03                           xvclk_o (net)
                  0.09    0.00    2.55 v xvclk_o (out)
                                  2.55   data arrival time

                  0.00   10.00   10.00   clock clk (rise edge)
                          0.00   10.00   clock network delay (ideal)
                         -0.25    9.75   clock uncertainty
                          0.00    9.75   clock reconvergence pessimism
                         -2.00    7.75   output external delay
                                  7.75   data required time
-----------------------------------------------------------------------------
                                  7.75   data required time
                                 -2.55   data arrival time
-----------------------------------------------------------------------------
                                  5.20   slack (MET)



