
===========================================================================
 report_power
============================================================================
======================= Fastest Corner ===================================

Group                  Internal  Switching    Leakage      Total
                          Power      Power      Power      Power (Watts)
----------------------------------------------------------------
Sequential             8.38e-05   8.25e-05   1.55e-09   1.66e-04  74.5%
Combinational          1.77e-05   3.89e-05   2.36e-07   5.68e-05  25.5%
Macro                  0.00e+00   0.00e+00   0.00e+00   0.00e+00   0.0%
Pad                    0.00e+00   0.00e+00   0.00e+00   0.00e+00   0.0%
----------------------------------------------------------------
Total                  1.01e-04   1.21e-04   2.37e-07   2.23e-04 100.0%
                          45.5%      54.4%       0.1%

======================= Slowest Corner ===================================

Group                  Internal  Switching    Leakage      Total
                          Power      Power      Power      Power (Watts)
----------------------------------------------------------------
Sequential             5.95e-05   5.40e-05   1.54e-06   1.15e-04  72.8%
Combinational          1.31e-05   2.56e-05   4.22e-06   4.29e-05  27.2%
Macro                  0.00e+00   0.00e+00   0.00e+00   0.00e+00   0.0%
Pad                    0.00e+00   0.00e+00   0.00e+00   0.00e+00   0.0%
----------------------------------------------------------------
Total                  7.26e-05   7.96e-05   5.76e-06   1.58e-04 100.0%
                          46.0%      50.4%       3.6%

======================= Typical Corner ===================================

Group                  Internal  Switching    Leakage      Total
                          Power      Power      Power      Power (Watts)
----------------------------------------------------------------
Sequential             7.37e-05   6.92e-05   8.86e-10   1.43e-04  74.5%
Combinational          1.59e-05   3.28e-05   2.33e-07   4.90e-05  25.5%
Macro                  0.00e+00   0.00e+00   0.00e+00   0.00e+00   0.0%
Pad                    0.00e+00   0.00e+00   0.00e+00   0.00e+00   0.0%
----------------------------------------------------------------
Total                  8.96e-05   1.02e-04   2.34e-07   1.92e-04 100.0%
                          46.7%      53.2%       0.1%

