
===========================================================================
report_checks -path_delay min (Hold)
============================================================================
======================= Fastest Corner ===================================

Startpoint: sys_clk_i (input port clocked by clk)
Endpoint: xvclk_o (output port clocked by clk)
Path Group: clk
Path Type: min
Corner: Fastest

Fanout     Cap    Slew   Delay    Time   Description
-----------------------------------------------------------------------------
                  0.00    0.00    0.00   clock clk (rise edge)
                          0.00    0.00   clock network delay (ideal)
                          2.00    2.00 v input external delay
                  0.01    0.01    2.01 v sys_clk_i (in)
     1    0.01                           sys_clk_i (net)
                  0.01    0.00    2.01 v input1/A (sky130_fd_sc_hd__buf_8)
                  0.06    0.09    2.10 v input1/X (sky130_fd_sc_hd__buf_8)
     2    0.14                           net1 (net)
                  0.15    0.06    2.16 v fanout38/A (sky130_fd_sc_hd__clkbuf_8)
                  0.08    0.17    2.33 v fanout38/X (sky130_fd_sc_hd__clkbuf_8)
     6    0.09                           net38 (net)
                  0.09    0.02    2.35 v _1910_/A (sky130_fd_sc_hd__clkbuf_8)
                  0.07    0.14    2.49 v _1910_/X (sky130_fd_sc_hd__clkbuf_8)
     1    0.09                           net6 (net)
                  0.10    0.03    2.52 v output6/A (sky130_fd_sc_hd__buf_2)
                  0.06    0.14    2.66 v output6/X (sky130_fd_sc_hd__buf_2)
     1    0.03                           xvclk_o (net)
                  0.06    0.00    2.66 v xvclk_o (out)
                                  2.66   data arrival time

                  0.00    0.00    0.00   clock clk (rise edge)
                          0.00    0.00   clock network delay (ideal)
                          0.25    0.25   clock uncertainty
                          0.00    0.25   clock reconvergence pessimism
                         -2.00   -1.75   output external delay
                                 -1.75   data required time
-----------------------------------------------------------------------------
                                 -1.75   data required time
                                 -2.66   data arrival time
-----------------------------------------------------------------------------
                                  4.41   slack (MET)



======================= Slowest Corner ===================================

Startpoint: sys_clk_i (input port clocked by clk)
Endpoint: xvclk_o (output port clocked by clk)
Path Group: clk
Path Type: min
Corner: Slowest

Fanout     Cap    Slew   Delay    Time   Description
-----------------------------------------------------------------------------
                  0.00    0.00    0.00   clock clk (rise edge)
                          0.00    0.00   clock network delay (ideal)
                          2.00    2.00 v input external delay
                  0.04    0.02    2.02 v sys_clk_i (in)
     1    0.01                           sys_clk_i (net)
                  0.04    0.00    2.02 v input1/A (sky130_fd_sc_hd__buf_8)
                  0.18    0.27    2.29 v input1/X (sky130_fd_sc_hd__buf_8)
     2    0.14                           net1 (net)
                  0.22    0.07    2.36 v fanout38/A (sky130_fd_sc_hd__clkbuf_8)
                  0.19    0.40    2.76 v fanout38/X (sky130_fd_sc_hd__clkbuf_8)
     6    0.09                           net38 (net)
                  0.19    0.02    2.78 v _1910_/A (sky130_fd_sc_hd__clkbuf_8)
                  0.18    0.38    3.16 v _1910_/X (sky130_fd_sc_hd__clkbuf_8)
     1    0.09                           net6 (net)
                  0.19    0.03    3.19 v output6/A (sky130_fd_sc_hd__buf_2)
                  0.16    0.38    3.58 v output6/X (sky130_fd_sc_hd__buf_2)
     1    0.03                           xvclk_o (net)
                  0.16    0.00    3.58 v xvclk_o (out)
                                  3.58   data arrival time

                  0.00    0.00    0.00   clock clk (rise edge)
                          0.00    0.00   clock network delay (ideal)
                          0.25    0.25   clock uncertainty
                          0.00    0.25   clock reconvergence pessimism
                         -2.00   -1.75   output external delay
                                 -1.75   data required time
-----------------------------------------------------------------------------
                                 -1.75   data required time
                                 -3.58   data arrival time
-----------------------------------------------------------------------------
                                  5.33   slack (MET)



======================= Typical Corner ===================================

Startpoint: sys_clk_i (input port clocked by clk)
Endpoint: xvclk_o (output port clocked by clk)
Path Group: clk
Path Type: min
Corner: Typical

Fanout     Cap    Slew   Delay    Time   Description
-----------------------------------------------------------------------------
                  0.00    0.00    0.00   clock clk (rise edge)
                          0.00    0.00   clock network delay (ideal)
                          2.00    2.00 v input external delay
                  0.02    0.01    2.01 v sys_clk_i (in)
     1    0.01                           sys_clk_i (net)
                  0.02    0.00    2.01 v input1/A (sky130_fd_sc_hd__buf_8)
                  0.09    0.14    2.15 v input1/X (sky130_fd_sc_hd__buf_8)
     2    0.14                           net1 (net)
                  0.16    0.06    2.22 v fanout38/A (sky130_fd_sc_hd__clkbuf_8)
                  0.11    0.24    2.45 v fanout38/X (sky130_fd_sc_hd__clkbuf_8)
     6    0.09                           net38 (net)
                  0.11    0.02    2.48 v _1910_/A (sky130_fd_sc_hd__clkbuf_8)
                  0.10    0.21    2.69 v _1910_/X (sky130_fd_sc_hd__clkbuf_8)
     1    0.09                           net6 (net)
                  0.12    0.03    2.72 v output6/A (sky130_fd_sc_hd__buf_2)
                  0.09    0.20    2.92 v output6/X (sky130_fd_sc_hd__buf_2)
     1    0.03                           xvclk_o (net)
                  0.09    0.00    2.92 v xvclk_o (out)
                                  2.92   data arrival time

                  0.00    0.00    0.00   clock clk (rise edge)
                          0.00    0.00   clock network delay (ideal)
                          0.25    0.25   clock uncertainty
                          0.00    0.25   clock reconvergence pessimism
                         -2.00   -1.75   output external delay
                                 -1.75   data required time
-----------------------------------------------------------------------------
                                 -1.75   data required time
                                 -2.92   data arrival time
-----------------------------------------------------------------------------
                                  4.67   slack (MET)



